{"C:\\studentMgmt\\CoursesManager\\app.js":{"path":"C:\\studentMgmt\\CoursesManager\\app.js","statementMap":{"0":{"start":{"line":3,"column":18},"end":{"line":3,"column":64}},"1":{"start":{"line":5,"column":15},"end":{"line":5,"column":57}},"2":{"start":{"line":7,"column":12},"end":{"line":7,"column":51}},"3":{"start":{"line":9,"column":20},"end":{"line":9,"column":68}},"4":{"start":{"line":11,"column":14},"end":{"line":11,"column":55}},"5":{"start":{"line":13,"column":13},"end":{"line":13,"column":62}},"6":{"start":{"line":15,"column":13},"end":{"line":15,"column":62}},"7":{"start":{"line":17,"column":39},"end":{"line":17,"column":95}},"8":{"start":{"line":26,"column":10},"end":{"line":26,"column":36}},"9":{"start":{"line":28,"column":0},"end":{"line":28,"column":36}},"10":{"start":{"line":29,"column":0},"end":{"line":31,"column":4}},"11":{"start":{"line":32,"column":0},"end":{"line":32,"column":41}},"12":{"start":{"line":33,"column":0},"end":{"line":33,"column":32}},"13":{"start":{"line":34,"column":0},"end":{"line":34,"column":37}},"14":{"start":{"line":35,"column":0},"end":{"line":35,"column":21}}},"fnMap":{"0":{"name":"_interopRequireDefault","decl":{"start":{"line":17,"column":9},"end":{"line":17,"column":31}},"loc":{"start":{"line":17,"column":37},"end":{"line":17,"column":97}},"line":17}},"branchMap":{"0":{"loc":{"start":{"line":17,"column":46},"end":{"line":17,"column":94}},"type":"cond-expr","locations":[{"start":{"line":17,"column":70},"end":{"line":17,"column":73}},{"start":{"line":17,"column":76},"end":{"line":17,"column":94}}],"line":17},"1":{"loc":{"start":{"line":17,"column":46},"end":{"line":17,"column":67}},"type":"binary-expr","locations":[{"start":{"line":17,"column":46},"end":{"line":17,"column":49}},{"start":{"line":17,"column":53},"end":{"line":17,"column":67}}],"line":17}},"s":{"0":1,"1":1,"2":1,"3":1,"4":1,"5":1,"6":1,"7":7,"8":1,"9":1,"10":1,"11":1,"12":1,"13":1,"14":1},"f":{"0":7},"b":{"0":[0,7],"1":[7,7]},"inputSourceMap":{"version":3,"sources":["app.js"],"names":["app","use","express","json","urlencoded","extended","indexRouter","usersRouter","module","exports"],"mappings":";;AASA;;AACA;;AACA;;AACA;;AACA;;AAEA;;AACA;;;;AAhBA;AACA;AACA;AACA;AACA;AAEA;AACA;AAWA,IAAIA,GAAG,GAAG,0BAAV,C,CAEA;;AACAA,GAAG,CAACC,GAAJ,CAAQC,oBAAQC,IAAR,EAAR;AACAH,GAAG,CAACC,GAAJ,CAAQC,oBAAQE,UAAR,CAAmB;AAAEC,EAAAA,QAAQ,EAAE;AAAZ,CAAnB,CAAR;AACAL,GAAG,CAACC,GAAJ,CAAQ,+BAAR;AAEAD,GAAG,CAACC,GAAJ,CAAQ,GAAR,EAAaK,iBAAb;AACAN,GAAG,CAACC,GAAJ,CAAQ,QAAR,EAAkBM,iBAAlB;AACAC,MAAM,CAACC,OAAP,GAAiBT,GAAjB","sourceRoot":"C:\\studentMgmt\\CoursesManager\\","sourcesContent":["// import createError from 'http-errors';\r\n// import express from 'express';\r\n// import path from 'path';\r\n// import cookieParser from 'cookie-parser';\r\n// import logger from 'morgan';\r\n\r\n// import indexRouter from './routes/index';\r\n// import usersRouter from './routes/users';\r\n\r\nimport createError from 'http-errors';\r\nimport express from 'express';\r\nimport path from 'path';\r\nimport cookieParser from 'cookie-parser';\r\nimport logger from 'morgan';\r\n\r\nimport indexRouter from './routes/index';\r\nimport usersRouter from './routes/users';\r\n\r\nvar app = express();\r\n\r\n// view engine setup\r\napp.use(express.json());\r\napp.use(express.urlencoded({ extended: false }));\r\napp.use(cookieParser());\r\n\r\napp.use('/', indexRouter);\r\napp.use('/users', usersRouter);\r\nmodule.exports = app;"]},"_coverageSchema":"1a1c01bbd47fc00a2c39e90264f33305004495a9","hash":"7dc864c029239b0b8ffc647549ed3148ecd3807a","contentHash":"185c0ee78cc9b8a5dc1b041c003465e2abb68e23744498f2af0ef06ecf761de8"},"C:\\studentMgmt\\CoursesManager\\routes\\index.js":{"path":"C:\\studentMgmt\\CoursesManager\\routes\\index.js","statementMap":{"0":{"start":{"line":3,"column":22},"end":{"line":3,"column":61}},"1":{"start":{"line":7,"column":14},"end":{"line":7,"column":32}},"2":{"start":{"line":9,"column":13},"end":{"line":9,"column":29}},"3":{"start":{"line":11,"column":26},"end":{"line":11,"column":61}},"4":{"start":{"line":13,"column":24},"end":{"line":13,"column":57}},"5":{"start":{"line":15,"column":23},"end":{"line":15,"column":55}},"6":{"start":{"line":17,"column":25},"end":{"line":17,"column":59}},"7":{"start":{"line":25,"column":0},"end":{"line":29,"column":3}},"8":{"start":{"line":26,"column":2},"end":{"line":28,"column":5}},"9":{"start":{"line":32,"column":0},"end":{"line":32,"column":56}},"10":{"start":{"line":33,"column":0},"end":{"line":33,"column":63}},"11":{"start":{"line":34,"column":0},"end":{"line":34,"column":56}},"12":{"start":{"line":35,"column":0},"end":{"line":35,"column":64}},"13":{"start":{"line":36,"column":0},"end":{"line":36,"column":71}},"14":{"start":{"line":39,"column":0},"end":{"line":39,"column":52}},"15":{"start":{"line":40,"column":0},"end":{"line":40,"column":59}},"16":{"start":{"line":41,"column":0},"end":{"line":41,"column":52}},"17":{"start":{"line":42,"column":0},"end":{"line":42,"column":60}},"18":{"start":{"line":43,"column":0},"end":{"line":43,"column":67}},"19":{"start":{"line":46,"column":0},"end":{"line":46,"column":50}},"20":{"start":{"line":47,"column":0},"end":{"line":47,"column":57}},"21":{"start":{"line":48,"column":0},"end":{"line":48,"column":82}},"22":{"start":{"line":49,"column":0},"end":{"line":49,"column":58}},"23":{"start":{"line":50,"column":0},"end":{"line":50,"column":65}},"24":{"start":{"line":53,"column":0},"end":{"line":53,"column":54}},"25":{"start":{"line":54,"column":0},"end":{"line":54,"column":61}},"26":{"start":{"line":55,"column":0},"end":{"line":55,"column":54}},"27":{"start":{"line":56,"column":0},"end":{"line":56,"column":62}},"28":{"start":{"line":57,"column":0},"end":{"line":57,"column":69}},"29":{"start":{"line":60,"column":0},"end":{"line":60,"column":86}},"30":{"start":{"line":61,"column":0},"end":{"line":61,"column":79}},"31":{"start":{"line":62,"column":0},"end":{"line":62,"column":72}},"32":{"start":{"line":63,"column":0},"end":{"line":63,"column":24}}},"fnMap":{"0":{"name":"(anonymous_0)","decl":{"start":{"line":25,"column":16},"end":{"line":25,"column":17}},"loc":{"start":{"line":25,"column":42},"end":{"line":29,"column":1}},"line":25}},"branchMap":{},"s":{"0":1,"1":1,"2":1,"3":1,"4":1,"5":1,"6":1,"7":1,"8":0,"9":1,"10":1,"11":1,"12":1,"13":1,"14":1,"15":1,"16":1,"17":1,"18":1,"19":1,"20":1,"21":1,"22":1,"23":1,"24":1,"25":1,"26":1,"27":1,"28":1,"29":1,"30":1,"31":1,"32":1},"f":{"0":0},"b":{},"inputSourceMap":{"version":3,"sources":["index.js"],"names":["express","require","router","Router","classroomController","classroom","studentController","student","courseController","course","Lecturercontroller","lecturer","get","req","res","next","render","title","list","getById","post","add","patch","update","courseValidate","addWithStudents","addWithCourse","module","exports"],"mappings":";;AAQA;;AARA;AACA;AACA,IAAMA,OAAO,GAAGC,OAAO,CAAC,SAAD,CAAvB;;AACA,IAAIC,MAAM,GAAGF,OAAO,CAACG,MAAR,EAAb;;AACA,IAAMC,mBAAmB,GAAGH,OAAO,CAAC,gBAAD,CAAP,CAA0BI,SAAtD;;AACA,IAAMC,iBAAiB,GAAGL,OAAO,CAAC,gBAAD,CAAP,CAA0BM,OAApD;;AACA,IAAMC,gBAAgB,GAAGP,OAAO,CAAC,gBAAD,CAAP,CAA0BQ,MAAnD;;AACA,IAAMC,kBAAkB,GAAGT,OAAO,CAAC,gBAAD,CAAP,CAA0BU,QAArD;;AAKA;AACA;AACA;AACA;;AAEA;AACAT,MAAM,CAACU,GAAP,CAAW,GAAX,EAAgB,UAASC,GAAT,EAAcC,GAAd,EAAmBC,IAAnB,EAAyB;AACrCD,EAAAA,GAAG,CAACE,MAAJ,CAAW,OAAX,EAAoB;AAAEC,IAAAA,KAAK,EAAE;AAAT,GAApB;AACH,CAFD;AAGA;;AACAf,MAAM,CAACU,GAAP,CAAW,iBAAX,EAA8BR,mBAAmB,CAACc,IAAlD;AACAhB,MAAM,CAACU,GAAP,CAAW,qBAAX,EAAkCR,mBAAmB,CAACe,OAAtD;AACAjB,MAAM,CAACkB,IAAP,CAAY,iBAAZ,EAA+BhB,mBAAmB,CAACiB,GAAnD;AACAnB,MAAM,CAACoB,KAAP,CAAa,qBAAb,EAAoClB,mBAAmB,CAACmB,MAAxD;AACArB,MAAM,UAAN,CAAc,qBAAd,EAAqCE,mBAAmB,UAAxD;AACA;;AACAF,MAAM,CAACU,GAAP,CAAW,eAAX,EAA4BN,iBAAiB,CAACY,IAA9C;AACAhB,MAAM,CAACU,GAAP,CAAW,mBAAX,EAAgCN,iBAAiB,CAACa,OAAlD;AACAjB,MAAM,CAACkB,IAAP,CAAY,eAAZ,EAA6Bd,iBAAiB,CAACe,GAA/C;AACAnB,MAAM,CAACoB,KAAP,CAAa,mBAAb,EAAkChB,iBAAiB,CAACiB,MAApD;AACArB,MAAM,UAAN,CAAc,mBAAd,EAAmCI,iBAAiB,UAApD;AAEA;;AACAJ,MAAM,CAACU,GAAP,CAAW,cAAX,EAA2BJ,gBAAgB,CAACU,IAA5C;AACAhB,MAAM,CAACU,GAAP,CAAW,kBAAX,EAA+BJ,gBAAgB,CAACW,OAAhD;AACAjB,MAAM,CAACkB,IAAP,CAAY,cAAZ,EAA4BI,8BAA5B,EAA4ChB,gBAAgB,CAACa,GAA7D;AACAnB,MAAM,CAACoB,KAAP,CAAa,kBAAb,EAAiCd,gBAAgB,CAACe,MAAlD;AACArB,MAAM,UAAN,CAAc,kBAAd,EAAkCM,gBAAgB,UAAlD;AAEA;;AACAN,MAAM,CAACU,GAAP,CAAW,gBAAX,EAA6BF,kBAAkB,CAACQ,IAAhD;AACAhB,MAAM,CAACU,GAAP,CAAW,oBAAX,EAAiCF,kBAAkB,CAACS,OAApD;AACAjB,MAAM,CAACkB,IAAP,CAAY,gBAAZ,EAA8BV,kBAAkB,CAACW,GAAjD;AACAnB,MAAM,CAACoB,KAAP,CAAa,oBAAb,EAAmCZ,kBAAkB,CAACa,MAAtD;AACArB,MAAM,UAAN,CAAc,oBAAd,EAAoCQ,kBAAkB,UAAtD;AAEA;;AACAR,MAAM,CAACkB,IAAP,CAAY,mCAAZ,EAAiDhB,mBAAmB,CAACqB,eAArE;AACAvB,MAAM,CAACkB,IAAP,CAAY,+BAAZ,EAA6CV,kBAAkB,CAACgB,aAAhE;AACAxB,MAAM,CAACkB,IAAP,CAAY,yBAAZ,EAAuCd,iBAAiB,CAACoB,aAAzD;AACAC,MAAM,CAACC,OAAP,GAAiB1B,MAAjB","sourceRoot":"C:\\studentMgmt\\CoursesManager\\routes\\","sourcesContent":["// import Validate from '../middleware/courseValidate';\r\n// import express from 'express';\r\nconst express = require('express');\r\nvar router = express.Router();\r\nconst classroomController = require('../controllers').classroom;\r\nconst studentController = require('../controllers').student;\r\nconst courseController = require('../controllers').course;\r\nconst Lecturercontroller = require('../controllers').lecturer;\r\nimport { courseValidate } from '../middleware/courseValidate';\r\n\r\n\r\n\r\n// import classroomController from '../controllers/classroom';\r\n// import studentController from '../controllers/student';\r\n// import courseController from '../controllers/course';\r\n// import Lecturercontroller from '../controllers/lecturer';\r\n\r\n/* GET home page. */\r\nrouter.get('/', function(req, res, next) {\r\n    res.render('index', { title: 'Express' });\r\n});\r\n/*classroom Router*/\r\nrouter.get('/api/classrooms', classroomController.list);\r\nrouter.get('/api/classrooms/:id', classroomController.getById);\r\nrouter.post('/api/classrooms', classroomController.add);\r\nrouter.patch('/api/classrooms/:id', classroomController.update);\r\nrouter.delete('/api/classrooms/:id', classroomController.delete);\r\n/*student Router*/\r\nrouter.get('/api/students', studentController.list);\r\nrouter.get('/api/students/:id', studentController.getById);\r\nrouter.post('/api/students', studentController.add);\r\nrouter.patch('/api/students/:id', studentController.update);\r\nrouter.delete('/api/students/:id', studentController.delete);\r\n\r\n/*course Router*/\r\nrouter.get('/api/courses', courseController.list);\r\nrouter.get('/api/courses/:id', courseController.getById);\r\nrouter.post('/api/courses', courseValidate, courseController.add);\r\nrouter.patch('/api/courses/:id', courseController.update);\r\nrouter.delete('/api/courses/:id', courseController.delete);\r\n\r\n/*Lecturer Router*/\r\nrouter.get('/api/lecturers', Lecturercontroller.list);\r\nrouter.get('/api/lecturers/:id', Lecturercontroller.getById);\r\nrouter.post('/api/lecturers', Lecturercontroller.add);\r\nrouter.patch('/api/lecturers/:id', Lecturercontroller.update);\r\nrouter.delete('/api/lecturers/:id', Lecturercontroller.delete);\r\n\r\n/*advanced rootes*/\r\nrouter.post('/api/classrooms/add_with_students', classroomController.addWithStudents);\r\nrouter.post('/api/lecturer/add_with_course', Lecturercontroller.addWithCourse);\r\nrouter.post('/api/student/add_course', studentController.addWithCourse);\r\nmodule.exports = router;"]},"_coverageSchema":"1a1c01bbd47fc00a2c39e90264f33305004495a9","hash":"92ee8b3bca268ff22b97133f11813b2a1d8d454b","contentHash":"39ecd8cf88663e36cfe21673c7c0b5eb8586ca2b6cec370d5ffdb1f55a887e38"},"C:\\studentMgmt\\CoursesManager\\middleware\\courseValidate.js":{"path":"C:\\studentMgmt\\CoursesManager\\middleware\\courseValidate.js","statementMap":{"0":{"start":{"line":3,"column":0},"end":{"line":5,"column":3}},"1":{"start":{"line":6,"column":0},"end":{"line":6,"column":40}},"2":{"start":{"line":8,"column":10},"end":{"line":8,"column":24}},"3":{"start":{"line":11,"column":24},"end":{"line":16,"column":4}},"4":{"start":{"line":17,"column":15},"end":{"line":17,"column":49}},"5":{"start":{"line":18,"column":2},"end":{"line":20,"column":5}},"6":{"start":{"line":18,"column":20},"end":{"line":20,"column":5}},"7":{"start":{"line":21,"column":2},"end":{"line":21,"column":9}}},"fnMap":{"0":{"name":"courseValidate","decl":{"start":{"line":10,"column":9},"end":{"line":10,"column":23}},"loc":{"start":{"line":10,"column":40},"end":{"line":22,"column":1}},"line":10}},"branchMap":{"0":{"loc":{"start":{"line":18,"column":2},"end":{"line":20,"column":5}},"type":"if","locations":[{"start":{"line":18,"column":2},"end":{"line":20,"column":5}},{"start":{"line":18,"column":2},"end":{"line":20,"column":5}}],"line":18}},"s":{"0":1,"1":1,"2":1,"3":2,"4":2,"5":2,"6":1,"7":1},"f":{"0":2},"b":{"0":[1,1]},"inputSourceMap":{"version":3,"sources":["courseValidate.js"],"names":["Joi","require","courseValidate","req","res","next","courseValiation","object","name","string","min","required","content","max","genre","lecturerId","result","validate","body","error","status","json","Message","details","message"],"mappings":";;;;;;;AAAA,IAAMA,GAAG,GAAGC,OAAO,CAAC,KAAD,CAAnB;;AAEO,SAASC,cAAT,CAAwBC,GAAxB,EAA6BC,GAA7B,EAAkCC,IAAlC,EAAwC;AAC3C,MAAMC,eAAe,GAAGN,GAAG,CAACO,MAAJ,CAAW;AAC/BC,IAAAA,IAAI,EAAER,GAAG,CAACS,MAAJ,GAAaC,GAAb,CAAiB,CAAjB,EAAoBC,QAApB,EADyB;AAE/BC,IAAAA,OAAO,EAAEZ,GAAG,CAACS,MAAJ,GAAaC,GAAb,CAAiB,EAAjB,EAAqBG,GAArB,CAAyB,KAAzB,EAAgCF,QAAhC,EAFsB;AAG/BG,IAAAA,KAAK,EAAEd,GAAG,CAACS,MAAJ,GAAaC,GAAb,CAAiB,EAAjB,EAAqBG,GAArB,CAAyB,EAAzB,EAA6BF,QAA7B,EAHwB;AAI/BI,IAAAA,UAAU,EAAEf,GAAG,CAACS,MAAJ;AAJmB,GAAX,CAAxB;AAOA,MAAMO,MAAM,GAAGV,eAAe,CAACW,QAAhB,CAAyBd,GAAG,CAACe,IAA7B,CAAf;AACA,MAAIF,MAAM,CAACG,KAAX,EAAkB,OAAOf,GAAG,CAACgB,MAAJ,CAAW,GAAX,EAAgBC,IAAhB,CAAqB;AAAEC,IAAAA,OAAO,EAAEN,MAAM,CAACG,KAAP,CAAaI,OAAb,CAAqB,CAArB,EAAwBC;AAAnC,GAArB,CAAP;AAClBnB,EAAAA,IAAI;AACP,C,CACD","sourceRoot":"C:\\studentMgmt\\CoursesManager\\middleware\\","sourcesContent":["const Joi = require('joi');\r\n\r\nexport function courseValidate(req, res, next) {\r\n    const courseValiation = Joi.object({\r\n        name: Joi.string().min(4).required(),\r\n        content: Joi.string().min(50).max(10000).required(),\r\n        genre: Joi.string().min(10).max(50).required(),\r\n        lecturerId: Joi.string()\r\n\r\n    });\r\n    const result = courseValiation.validate(req.body);\r\n    if (result.error) return res.status(400).json({ Message: result.error.details[0].message });\r\n    next();\r\n}\r\n// module.exports = courseValidate;"]},"_coverageSchema":"1a1c01bbd47fc00a2c39e90264f33305004495a9","hash":"9b76e18577722a9c4c31849101c20b6da74f3c7a","contentHash":"f6ff264ac73b4e789ba94cdc19fc415089831a2d219493a32cf43ad8899026cf"},"C:\\studentMgmt\\CoursesManager\\controllers\\index.js":{"path":"C:\\studentMgmt\\CoursesManager\\controllers\\index.js","statementMap":{"0":{"start":{"line":3,"column":16},"end":{"line":3,"column":38}},"1":{"start":{"line":5,"column":14},"end":{"line":5,"column":34}},"2":{"start":{"line":7,"column":15},"end":{"line":7,"column":36}},"3":{"start":{"line":9,"column":13},"end":{"line":9,"column":32}},"4":{"start":{"line":12,"column":0},"end":{"line":17,"column":2}}},"fnMap":{},"branchMap":{},"s":{"0":1,"1":1,"2":1,"3":1,"4":1},"f":{},"b":{},"inputSourceMap":{"version":3,"sources":["index.js"],"names":["classroom","require","student","lecturer","course","module","exports"],"mappings":";;AAAA,IAAMA,SAAS,GAAGC,OAAO,CAAC,aAAD,CAAzB;;AACA,IAAMC,OAAO,GAAGD,OAAO,CAAC,WAAD,CAAvB;;AACA,IAAME,QAAQ,GAAGF,OAAO,CAAC,YAAD,CAAxB;;AACA,IAAMG,MAAM,GAAGH,OAAO,CAAC,UAAD,CAAtB,C,CACA;;;AAEAI,MAAM,CAACC,OAAP,GAAiB;AACbN,EAAAA,SAAS,EAATA,SADa;AAEbE,EAAAA,OAAO,EAAPA,OAFa;AAGbC,EAAAA,QAAQ,EAARA,QAHa;AAIbC,EAAAA,MAAM,EAANA;AAJa,CAAjB","sourceRoot":"C:\\studentMgmt\\CoursesManager\\controllers\\","sourcesContent":["const classroom = require('./classroom');\r\nconst student = require('./student');\r\nconst lecturer = require('./lecturer');\r\nconst course = require('./course');\r\n//const { courseValiation } = require('../middleware/courseValidate');\r\n\r\nmodule.exports = {\r\n    classroom,\r\n    student,\r\n    lecturer,\r\n    course,\r\n};"]},"_coverageSchema":"1a1c01bbd47fc00a2c39e90264f33305004495a9","hash":"597749e74bc211d506f04779ac7666e118c23ba4","contentHash":"476212414fe2e22bafd51ebbb5c121cb7f511a45619b4982a7c2b24775f20ba3"},"C:\\studentMgmt\\CoursesManager\\controllers\\classroom.js":{"path":"C:\\studentMgmt\\CoursesManager\\controllers\\classroom.js","statementMap":{"0":{"start":{"line":3,"column":16},"end":{"line":3,"column":46}},"1":{"start":{"line":5,"column":14},"end":{"line":5,"column":42}},"2":{"start":{"line":7,"column":0},"end":{"line":110,"column":2}},"3":{"start":{"line":9,"column":4},"end":{"line":22,"column":7}},"4":{"start":{"line":19,"column":6},"end":{"line":19,"column":45}},"5":{"start":{"line":21,"column":6},"end":{"line":21,"column":34}},"6":{"start":{"line":25,"column":4},"end":{"line":41,"column":7}},"7":{"start":{"line":31,"column":6},"end":{"line":35,"column":7}},"8":{"start":{"line":32,"column":8},"end":{"line":34,"column":11}},"9":{"start":{"line":37,"column":6},"end":{"line":37,"column":45}},"10":{"start":{"line":39,"column":6},"end":{"line":39,"column":25}},"11":{"start":{"line":40,"column":6},"end":{"line":40,"column":34}},"12":{"start":{"line":44,"column":4},"end":{"line":51,"column":7}},"13":{"start":{"line":48,"column":6},"end":{"line":48,"column":45}},"14":{"start":{"line":50,"column":6},"end":{"line":50,"column":41}},"15":{"start":{"line":54,"column":4},"end":{"line":67,"column":7}},"16":{"start":{"line":63,"column":6},"end":{"line":63,"column":45}},"17":{"start":{"line":65,"column":6},"end":{"line":65,"column":25}},"18":{"start":{"line":66,"column":6},"end":{"line":66,"column":34}},"19":{"start":{"line":70,"column":4},"end":{"line":91,"column":7}},"20":{"start":{"line":76,"column":6},"end":{"line":80,"column":7}},"21":{"start":{"line":77,"column":8},"end":{"line":79,"column":11}},"22":{"start":{"line":82,"column":6},"end":{"line":88,"column":9}},"23":{"start":{"line":85,"column":8},"end":{"line":85,"column":47}},"24":{"start":{"line":87,"column":8},"end":{"line":87,"column":43}},"25":{"start":{"line":90,"column":6},"end":{"line":90,"column":41}},"26":{"start":{"line":94,"column":4},"end":{"line":108,"column":7}},"27":{"start":{"line":95,"column":6},"end":{"line":99,"column":7}},"28":{"start":{"line":96,"column":8},"end":{"line":98,"column":11}},"29":{"start":{"line":101,"column":6},"end":{"line":105,"column":9}},"30":{"start":{"line":102,"column":8},"end":{"line":102,"column":38}},"31":{"start":{"line":104,"column":8},"end":{"line":104,"column":43}},"32":{"start":{"line":107,"column":6},"end":{"line":107,"column":41}}},"fnMap":{"0":{"name":"list","decl":{"start":{"line":8,"column":17},"end":{"line":8,"column":21}},"loc":{"start":{"line":8,"column":32},"end":{"line":23,"column":3}},"line":8},"1":{"name":"(anonymous_1)","decl":{"start":{"line":18,"column":12},"end":{"line":18,"column":13}},"loc":{"start":{"line":18,"column":33},"end":{"line":20,"column":5}},"line":18},"2":{"name":"(anonymous_2)","decl":{"start":{"line":20,"column":16},"end":{"line":20,"column":17}},"loc":{"start":{"line":20,"column":33},"end":{"line":22,"column":5}},"line":20},"3":{"name":"getById","decl":{"start":{"line":24,"column":20},"end":{"line":24,"column":27}},"loc":{"start":{"line":24,"column":38},"end":{"line":42,"column":3}},"line":24},"4":{"name":"(anonymous_4)","decl":{"start":{"line":30,"column":12},"end":{"line":30,"column":13}},"loc":{"start":{"line":30,"column":33},"end":{"line":38,"column":5}},"line":30},"5":{"name":"(anonymous_5)","decl":{"start":{"line":38,"column":16},"end":{"line":38,"column":17}},"loc":{"start":{"line":38,"column":33},"end":{"line":41,"column":5}},"line":38},"6":{"name":"add","decl":{"start":{"line":43,"column":16},"end":{"line":43,"column":19}},"loc":{"start":{"line":43,"column":30},"end":{"line":52,"column":3}},"line":43},"7":{"name":"(anonymous_7)","decl":{"start":{"line":47,"column":12},"end":{"line":47,"column":13}},"loc":{"start":{"line":47,"column":33},"end":{"line":49,"column":5}},"line":47},"8":{"name":"(anonymous_8)","decl":{"start":{"line":49,"column":16},"end":{"line":49,"column":17}},"loc":{"start":{"line":49,"column":33},"end":{"line":51,"column":5}},"line":49},"9":{"name":"addWithStudents","decl":{"start":{"line":53,"column":28},"end":{"line":53,"column":43}},"loc":{"start":{"line":53,"column":54},"end":{"line":68,"column":3}},"line":53},"10":{"name":"(anonymous_10)","decl":{"start":{"line":62,"column":12},"end":{"line":62,"column":13}},"loc":{"start":{"line":62,"column":33},"end":{"line":64,"column":5}},"line":62},"11":{"name":"(anonymous_11)","decl":{"start":{"line":64,"column":16},"end":{"line":64,"column":17}},"loc":{"start":{"line":64,"column":33},"end":{"line":67,"column":5}},"line":64},"12":{"name":"update","decl":{"start":{"line":69,"column":19},"end":{"line":69,"column":25}},"loc":{"start":{"line":69,"column":36},"end":{"line":92,"column":3}},"line":69},"13":{"name":"(anonymous_13)","decl":{"start":{"line":75,"column":12},"end":{"line":75,"column":13}},"loc":{"start":{"line":75,"column":33},"end":{"line":89,"column":5}},"line":75},"14":{"name":"(anonymous_14)","decl":{"start":{"line":84,"column":14},"end":{"line":84,"column":15}},"loc":{"start":{"line":84,"column":26},"end":{"line":86,"column":7}},"line":84},"15":{"name":"(anonymous_15)","decl":{"start":{"line":86,"column":18},"end":{"line":86,"column":19}},"loc":{"start":{"line":86,"column":35},"end":{"line":88,"column":7}},"line":86},"16":{"name":"(anonymous_16)","decl":{"start":{"line":89,"column":16},"end":{"line":89,"column":17}},"loc":{"start":{"line":89,"column":33},"end":{"line":91,"column":5}},"line":89},"17":{"name":"_delete","decl":{"start":{"line":93,"column":21},"end":{"line":93,"column":28}},"loc":{"start":{"line":93,"column":39},"end":{"line":109,"column":3}},"line":93},"18":{"name":"(anonymous_18)","decl":{"start":{"line":94,"column":50},"end":{"line":94,"column":51}},"loc":{"start":{"line":94,"column":71},"end":{"line":106,"column":5}},"line":94},"19":{"name":"(anonymous_19)","decl":{"start":{"line":101,"column":38},"end":{"line":101,"column":39}},"loc":{"start":{"line":101,"column":50},"end":{"line":103,"column":7}},"line":101},"20":{"name":"(anonymous_20)","decl":{"start":{"line":103,"column":18},"end":{"line":103,"column":19}},"loc":{"start":{"line":103,"column":35},"end":{"line":105,"column":7}},"line":103},"21":{"name":"(anonymous_21)","decl":{"start":{"line":106,"column":16},"end":{"line":106,"column":17}},"loc":{"start":{"line":106,"column":33},"end":{"line":108,"column":5}},"line":106}},"branchMap":{"0":{"loc":{"start":{"line":31,"column":6},"end":{"line":35,"column":7}},"type":"if","locations":[{"start":{"line":31,"column":6},"end":{"line":35,"column":7}},{"start":{"line":31,"column":6},"end":{"line":35,"column":7}}],"line":31},"1":{"loc":{"start":{"line":76,"column":6},"end":{"line":80,"column":7}},"type":"if","locations":[{"start":{"line":76,"column":6},"end":{"line":80,"column":7}},{"start":{"line":76,"column":6},"end":{"line":80,"column":7}}],"line":76},"2":{"loc":{"start":{"line":83,"column":20},"end":{"line":83,"column":51}},"type":"binary-expr","locations":[{"start":{"line":83,"column":20},"end":{"line":83,"column":33}},{"start":{"line":83,"column":37},"end":{"line":83,"column":51}}],"line":83},"3":{"loc":{"start":{"line":95,"column":6},"end":{"line":99,"column":7}},"type":"if","locations":[{"start":{"line":95,"column":6},"end":{"line":99,"column":7}},{"start":{"line":95,"column":6},"end":{"line":99,"column":7}}],"line":95}},"s":{"0":1,"1":1,"2":1,"3":0,"4":0,"5":0,"6":0,"7":0,"8":0,"9":0,"10":0,"11":0,"12":0,"13":0,"14":0,"15":0,"16":0,"17":0,"18":0,"19":0,"20":0,"21":0,"22":0,"23":0,"24":0,"25":0,"26":0,"27":0,"28":0,"29":0,"30":0,"31":0,"32":0},"f":{"0":0,"1":0,"2":0,"3":0,"4":0,"5":0,"6":0,"7":0,"8":0,"9":0,"10":0,"11":0,"12":0,"13":0,"14":0,"15":0,"16":0,"17":0,"18":0,"19":0,"20":0,"21":0},"b":{"0":[0,0],"1":[0,0],"2":[0,0],"3":[0,0]},"inputSourceMap":{"version":3,"sources":["classroom.js"],"names":["classroom","require","student","module","exports","list","req","res","findAll","include","model","as","order","then","status","send","error","getById","findByPk","params","id","message","console","log","add","create","name","body","addWithStudents","update","class_name","destroy"],"mappings":";;AAAA,IAAMA,SAAS,GAAGC,OAAO,CAAC,WAAD,CAAP,CAAqBD,SAAvC;;AACA,IAAME,OAAO,GAAGD,OAAO,CAAC,WAAD,CAAP,CAAqBC,OAArC;;AAEAC,MAAM,CAACC,OAAP,GAAiB;AACbC,EAAAA,IADa,gBACRC,GADQ,EACHC,GADG,EACE;AACX,WAAOP,SAAS,CACXQ,OADE,CACM;AACLC,MAAAA,OAAO,EAAE,CAAC;AACNC,QAAAA,KAAK,EAAEV,SADD;AAENW,QAAAA,EAAE,EAAE;AAFE,OAAD,CADJ;AAKLC,MAAAA,KAAK,EAAE,CACH,CAAC,WAAD,EAAc,MAAd,CADG,EAEH,CAAC;AAAEF,QAAAA,KAAK,EAAEV,SAAT;AAAoBW,QAAAA,EAAE,EAAE;AAAxB,OAAD,EAAwC,WAAxC,EAAqD,MAArD,CAFG;AALF,KADN,EAWFE,IAXE,CAWG,UAACb,SAAD;AAAA,aAAeO,GAAG,CAACO,MAAJ,CAAW,GAAX,EAAgBC,IAAhB,CAAqBf,SAArB,CAAf;AAAA,KAXH,WAYI,UAACgB,KAAD,EAAW;AAAET,MAAAA,GAAG,CAACO,MAAJ,CAAW,GAAX,EAAgBC,IAAhB,CAAqBC,KAArB;AAA8B,KAZ/C,CAAP;AAaH,GAfY;AAiBbC,EAAAA,OAjBa,mBAiBLX,GAjBK,EAiBAC,GAjBA,EAiBK;AACd,WAAOP,SAAS,CACXkB,QADE,CACOZ,GAAG,CAACa,MAAJ,CAAWC,EADlB,EACsB;AACrBX,MAAAA,OAAO,EAAE,CAAC;AACNC,QAAAA,KAAK,EAAER,OADD;AAENS,QAAAA,EAAE,EAAE;AAFE,OAAD;AADY,KADtB,EAOFE,IAPE,CAOG,UAACb,SAAD,EAAe;AACjB,UAAI,CAACA,SAAL,EAAgB;AACZ,eAAOO,GAAG,CAACO,MAAJ,CAAW,GAAX,EAAgBC,IAAhB,CAAqB;AACxBM,UAAAA,OAAO,EAAE;AADe,SAArB,CAAP;AAGH;;AACD,aAAOd,GAAG,CAACO,MAAJ,CAAW,GAAX,EAAgBC,IAAhB,CAAqBf,SAArB,CAAP;AACH,KAdE,WAeI,UAACgB,KAAD,EAAW;AACdM,MAAAA,OAAO,CAACC,GAAR,CAAYP,KAAZ;AACAT,MAAAA,GAAG,CAACO,MAAJ,CAAW,GAAX,EAAgBC,IAAhB,CAAqBC,KAArB;AACH,KAlBE,CAAP;AAmBH,GArCY;AAuCbQ,EAAAA,GAvCa,eAuCTlB,GAvCS,EAuCJC,GAvCI,EAuCC;AACV,WAAOP,SAAS,CACXyB,MADE,CACK;AACJC,MAAAA,IAAI,EAAEpB,GAAG,CAACqB,IAAJ,CAASD,IADX,CAEJ;;AAFI,KADL,EAKFb,IALE,CAKG,UAACb,SAAD;AAAA,aAAeO,GAAG,CAACO,MAAJ,CAAW,GAAX,EAAgBC,IAAhB,CAAqBf,SAArB,CAAf;AAAA,KALH,WAMI,UAACgB,KAAD;AAAA,aAAWT,GAAG,CAACO,MAAJ,CAAW,GAAX,EAAgBC,IAAhB,CAAqBC,KAArB,CAAX;AAAA,KANJ,CAAP;AAOH,GA/CY;AAiDbY,EAAAA,eAjDa,2BAiDGtB,GAjDH,EAiDQC,GAjDR,EAiDa;AACtB,WAAOP,SAAS,CACXyB,MADE,CACK;AACJC,MAAAA,IAAI,EAAEpB,GAAG,CAACqB,IAAJ,CAASD,IADX;AAEJxB,MAAAA,OAAO,EAAEI,GAAG,CAACqB,IAAJ,CAASzB;AAFd,KADL,EAIA;AACCO,MAAAA,OAAO,EAAE,CAAC;AACNC,QAAAA,KAAK,EAAER,OADD;AAENS,QAAAA,EAAE,EAAE;AAFE,OAAD;AADV,KAJA,EAUFE,IAVE,CAUG,UAACb,SAAD;AAAA,aAAeO,GAAG,CAACO,MAAJ,CAAW,GAAX,EAAgBC,IAAhB,CAAqBf,SAArB,CAAf;AAAA,KAVH,WAWI,UAACgB,KAAD,EAAW;AACdM,MAAAA,OAAO,CAACC,GAAR,CAAYP,KAAZ;AACAT,MAAAA,GAAG,CAACO,MAAJ,CAAW,GAAX,EAAgBC,IAAhB,CAAqBC,KAArB;AACH,KAdE,CAAP;AAeH,GAjEY;AAmEba,EAAAA,MAnEa,kBAmENvB,GAnEM,EAmEDC,GAnEC,EAmEI;AACb,WAAOP,SAAS,CACXkB,QADE,CACOZ,GAAG,CAACa,MAAJ,CAAWC,EADlB,EACsB;AACrBX,MAAAA,OAAO,EAAE,CAAC;AACNC,QAAAA,KAAK,EAAER,OADD;AAENS,QAAAA,EAAE,EAAE;AAFE,OAAD;AADY,KADtB,EAOFE,IAPE,CAOG,UAAAb,SAAS,EAAI;AACf,UAAI,CAACA,SAAL,EAAgB;AACZ,eAAOO,GAAG,CAACO,MAAJ,CAAW,GAAX,EAAgBC,IAAhB,CAAqB;AACxBM,UAAAA,OAAO,EAAE;AADe,SAArB,CAAP;AAGH;;AACD,aAAOrB,SAAS,CACX6B,MADE,CACK;AACJC,QAAAA,UAAU,EAAExB,GAAG,CAACqB,IAAJ,CAASD,IAAT,IAAiB1B,SAAS,CAAC0B;AADnC,OADL,EAIFb,IAJE,CAIG;AAAA,eAAMN,GAAG,CAACO,MAAJ,CAAW,GAAX,EAAgBC,IAAhB,CAAqBf,SAArB,CAAN;AAAA,OAJH,WAKI,UAACgB,KAAD;AAAA,eAAWT,GAAG,CAACO,MAAJ,CAAW,GAAX,EAAgBC,IAAhB,CAAqBC,KAArB,CAAX;AAAA,OALJ,CAAP;AAMH,KAnBE,WAoBI,UAACA,KAAD;AAAA,aAAWT,GAAG,CAACO,MAAJ,CAAW,GAAX,EAAgBC,IAAhB,CAAqBC,KAArB,CAAX;AAAA,KApBJ,CAAP;AAqBH,GAzFY;AAAA,6BA2FNV,GA3FM,EA2FDC,GA3FC,EA2FI;AACb,WAAOP,SAAS,CACXkB,QADE,CACOZ,GAAG,CAACa,MAAJ,CAAWC,EADlB,EAEFP,IAFE,CAEG,UAAAb,SAAS,EAAI;AACf,UAAI,CAACA,SAAL,EAAgB;AACZ,eAAOO,GAAG,CAACO,MAAJ,CAAW,GAAX,EAAgBC,IAAhB,CAAqB;AACxBM,UAAAA,OAAO,EAAE;AADe,SAArB,CAAP;AAGH;;AACD,aAAOrB,SAAS,CACX+B,OADE,GAEFlB,IAFE,CAEG;AAAA,eAAMN,GAAG,CAACO,MAAJ,CAAW,GAAX,EAAgBC,IAAhB,EAAN;AAAA,OAFH,WAGI,UAACC,KAAD;AAAA,eAAWT,GAAG,CAACO,MAAJ,CAAW,GAAX,EAAgBC,IAAhB,CAAqBC,KAArB,CAAX;AAAA,OAHJ,CAAP;AAIH,KAZE,WAaI,UAACA,KAAD;AAAA,aAAWT,GAAG,CAACO,MAAJ,CAAW,GAAX,EAAgBC,IAAhB,CAAqBC,KAArB,CAAX;AAAA,KAbJ,CAAP;AAcH;AA1GY,CAAjB","sourceRoot":"C:\\studentMgmt\\CoursesManager\\controllers\\","sourcesContent":["const classroom = require('../models').classroom;\r\nconst student = require('../models').student;\r\n\r\nmodule.exports = {\r\n    list(req, res) {\r\n        return classroom\r\n            .findAll({\r\n                include: [{\r\n                    model: classroom,\r\n                    as: 'classroom'\r\n                }],\r\n                order: [\r\n                    ['createdAt', 'DESC'],\r\n                    [{ model: classroom, as: 'classroom' }, 'createdAt', 'DESC'],\r\n                ],\r\n            })\r\n            .then((classroom) => res.status(200).send(classroom))\r\n            .catch((error) => { res.status(400).send(error); });\r\n    },\r\n\r\n    getById(req, res) {\r\n        return classroom\r\n            .findByPk(req.params.id, {\r\n                include: [{\r\n                    model: student,\r\n                    as: 'student'\r\n                }],\r\n            })\r\n            .then((classroom) => {\r\n                if (!classroom) {\r\n                    return res.status(404).send({\r\n                        message: 'Classroom Not Found',\r\n                    });\r\n                }\r\n                return res.status(200).send(classroom);\r\n            })\r\n            .catch((error) => {\r\n                console.log(error);\r\n                res.status(400).send(error);\r\n            });\r\n    },\r\n\r\n    add(req, res) {\r\n        return classroom\r\n            .create({\r\n                name: req.body.name,\r\n                //classId: req.body.classId\r\n            })\r\n            .then((classroom) => res.status(201).send(classroom))\r\n            .catch((error) => res.status(400).send(error));\r\n    },\r\n\r\n    addWithStudents(req, res) {\r\n        return classroom\r\n            .create({\r\n                name: req.body.name,\r\n                student: req.body.student,\r\n            }, {\r\n                include: [{\r\n                    model: student,\r\n                    as: 'student'\r\n                }]\r\n            })\r\n            .then((classroom) => res.status(201).send(classroom))\r\n            .catch((error) => {\r\n                console.log(error);\r\n                res.status(400).send(error);\r\n            });\r\n    },\r\n\r\n    update(req, res) {\r\n        return classroom\r\n            .findByPk(req.params.id, {\r\n                include: [{\r\n                    model: student,\r\n                    as: 'student'\r\n                }],\r\n            })\r\n            .then(classroom => {\r\n                if (!classroom) {\r\n                    return res.status(404).send({\r\n                        message: 'Classroom Not Found',\r\n                    });\r\n                }\r\n                return classroom\r\n                    .update({\r\n                        class_name: req.body.name || classroom.name,\r\n                    })\r\n                    .then(() => res.status(200).send(classroom))\r\n                    .catch((error) => res.status(400).send(error));\r\n            })\r\n            .catch((error) => res.status(400).send(error));\r\n    },\r\n\r\n    delete(req, res) {\r\n        return classroom\r\n            .findByPk(req.params.id)\r\n            .then(classroom => {\r\n                if (!classroom) {\r\n                    return res.status(400).send({\r\n                        message: 'Classroom Not Found',\r\n                    });\r\n                }\r\n                return classroom\r\n                    .destroy()\r\n                    .then(() => res.status(204).send())\r\n                    .catch((error) => res.status(400).send(error));\r\n            })\r\n            .catch((error) => res.status(400).send(error));\r\n    },\r\n};"]},"_coverageSchema":"1a1c01bbd47fc00a2c39e90264f33305004495a9","hash":"d0482272cb61d015e29878f2679723d3fc3a1a86","contentHash":"fcf82d11b74eecc3800791259f7963213b1466ea3b8dfcf7d250e9f6f8b4ce41"},"C:\\studentMgmt\\CoursesManager\\models\\index.js":{"path":"C:\\studentMgmt\\CoursesManager\\models\\index.js","statementMap":{"0":{"start":{"line":3,"column":9},"end":{"line":3,"column":22}},"1":{"start":{"line":5,"column":11},"end":{"line":5,"column":26}},"2":{"start":{"line":7,"column":16},"end":{"line":7,"column":36}},"3":{"start":{"line":9,"column":15},"end":{"line":9,"column":40}},"4":{"start":{"line":10,"column":10},"end":{"line":10,"column":47}},"5":{"start":{"line":12,"column":13},"end":{"line":12,"column":63}},"6":{"start":{"line":14,"column":9},"end":{"line":14,"column":11}},"7":{"start":{"line":17,"column":0},"end":{"line":21,"column":1}},"8":{"start":{"line":18,"column":2},"end":{"line":18,"column":74}},"9":{"start":{"line":20,"column":2},"end":{"line":20,"column":87}},"10":{"start":{"line":23,"column":0},"end":{"line":29,"column":3}},"11":{"start":{"line":24,"column":2},"end":{"line":24,"column":82}},"12":{"start":{"line":26,"column":14},"end":{"line":26,"column":81}},"13":{"start":{"line":28,"column":2},"end":{"line":28,"column":25}},"14":{"start":{"line":30,"column":0},"end":{"line":34,"column":3}},"15":{"start":{"line":31,"column":2},"end":{"line":33,"column":3}},"16":{"start":{"line":32,"column":4},"end":{"line":32,"column":32}},"17":{"start":{"line":35,"column":0},"end":{"line":35,"column":25}},"18":{"start":{"line":36,"column":0},"end":{"line":36,"column":25}},"19":{"start":{"line":37,"column":0},"end":{"line":37,"column":20}}},"fnMap":{"0":{"name":"(anonymous_0)","decl":{"start":{"line":23,"column":33},"end":{"line":23,"column":34}},"loc":{"start":{"line":23,"column":49},"end":{"line":25,"column":1}},"line":23},"1":{"name":"(anonymous_1)","decl":{"start":{"line":25,"column":11},"end":{"line":25,"column":12}},"loc":{"start":{"line":25,"column":27},"end":{"line":29,"column":1}},"line":25},"2":{"name":"(anonymous_2)","decl":{"start":{"line":30,"column":24},"end":{"line":30,"column":25}},"loc":{"start":{"line":30,"column":45},"end":{"line":34,"column":1}},"line":30}},"branchMap":{"0":{"loc":{"start":{"line":10,"column":10},"end":{"line":10,"column":47}},"type":"binary-expr","locations":[{"start":{"line":10,"column":10},"end":{"line":10,"column":30}},{"start":{"line":10,"column":34},"end":{"line":10,"column":47}}],"line":10},"1":{"loc":{"start":{"line":17,"column":0},"end":{"line":21,"column":1}},"type":"if","locations":[{"start":{"line":17,"column":0},"end":{"line":21,"column":1}},{"start":{"line":17,"column":0},"end":{"line":21,"column":1}}],"line":17},"2":{"loc":{"start":{"line":24,"column":9},"end":{"line":24,"column":81}},"type":"binary-expr","locations":[{"start":{"line":24,"column":9},"end":{"line":24,"column":32}},{"start":{"line":24,"column":36},"end":{"line":24,"column":53}},{"start":{"line":24,"column":57},"end":{"line":24,"column":81}}],"line":24},"3":{"loc":{"start":{"line":31,"column":2},"end":{"line":33,"column":3}},"type":"if","locations":[{"start":{"line":31,"column":2},"end":{"line":33,"column":3}},{"start":{"line":31,"column":2},"end":{"line":33,"column":3}}],"line":31}},"s":{"0":1,"1":1,"2":1,"3":1,"4":1,"5":1,"6":1,"7":1,"8":0,"9":1,"10":1,"11":6,"12":5,"13":5,"14":1,"15":5,"16":4,"17":1,"18":1,"19":1},"f":{"0":6,"1":5,"2":5},"b":{"0":[1,1],"1":[0,1],"2":[6,6,5],"3":[4,1]},"inputSourceMap":{"version":3,"sources":["index.js"],"names":["fs","require","path","Sequelize","basename","__filename","env","process","NODE_ENV","config","__dirname","db","sequelize","use_env_variable","database","username","password","readdirSync","filter","file","indexOf","slice","forEach","model","join","DataTypes","name","Object","keys","modelName","associate","module","exports"],"mappings":"AAAA;;AAEA,IAAMA,EAAE,GAAGC,OAAO,CAAC,IAAD,CAAlB;;AACA,IAAMC,IAAI,GAAGD,OAAO,CAAC,MAAD,CAApB;;AACA,IAAME,SAAS,GAAGF,OAAO,CAAC,WAAD,CAAzB;;AACA,IAAMG,QAAQ,GAAGF,IAAI,CAACE,QAAL,CAAcC,UAAd,CAAjB;AACA,IAAMC,GAAG,GAAGC,OAAO,CAACD,GAAR,CAAYE,QAAZ,IAAwB,aAApC;;AACA,IAAMC,MAAM,GAAGR,OAAO,CAACS,SAAS,GAAG,wBAAb,CAAP,CAA8CJ,GAA9C,CAAf;;AACA,IAAMK,EAAE,GAAG,EAAX;AAEA,IAAIC,SAAJ;;AACA,IAAIH,MAAM,CAACI,gBAAX,EAA6B;AAC3BD,EAAAA,SAAS,GAAG,IAAIT,SAAJ,CAAcI,OAAO,CAACD,GAAR,CAAYG,MAAM,CAACI,gBAAnB,CAAd,EAAoDJ,MAApD,CAAZ;AACD,CAFD,MAEO;AACLG,EAAAA,SAAS,GAAG,IAAIT,SAAJ,CAAcM,MAAM,CAACK,QAArB,EAA+BL,MAAM,CAACM,QAAtC,EAAgDN,MAAM,CAACO,QAAvD,EAAiEP,MAAjE,CAAZ;AACD;;AAEDT,EAAE,CACCiB,WADH,CACeP,SADf,EAEGQ,MAFH,CAEU,UAAAC,IAAI,EAAI;AACd,SAAQA,IAAI,CAACC,OAAL,CAAa,GAAb,MAAsB,CAAvB,IAA8BD,IAAI,KAAKf,QAAvC,IAAqDe,IAAI,CAACE,KAAL,CAAW,CAAC,CAAZ,MAAmB,KAA/E;AACD,CAJH,EAKGC,OALH,CAKW,UAAAH,IAAI,EAAI;AACf,MAAMI,KAAK,GAAGtB,OAAO,CAACC,IAAI,CAACsB,IAAL,CAAUd,SAAV,EAAqBS,IAArB,CAAD,CAAP,CAAoCP,SAApC,EAA+CT,SAAS,CAACsB,SAAzD,CAAd;;AACAd,EAAAA,EAAE,CAACY,KAAK,CAACG,IAAP,CAAF,GAAiBH,KAAjB;AACD,CARH;AAUAI,MAAM,CAACC,IAAP,CAAYjB,EAAZ,EAAgBW,OAAhB,CAAwB,UAAAO,SAAS,EAAI;AACnC,MAAIlB,EAAE,CAACkB,SAAD,CAAF,CAAcC,SAAlB,EAA6B;AAC3BnB,IAAAA,EAAE,CAACkB,SAAD,CAAF,CAAcC,SAAd,CAAwBnB,EAAxB;AACD;AACF,CAJD;AAMAA,EAAE,CAACC,SAAH,GAAeA,SAAf;AACAD,EAAE,CAACR,SAAH,GAAeA,SAAf;AAEA4B,MAAM,CAACC,OAAP,GAAiBrB,EAAjB","sourceRoot":"C:\\studentMgmt\\CoursesManager\\models\\","sourcesContent":["'use strict';\r\n\r\nconst fs = require('fs');\r\nconst path = require('path');\r\nconst Sequelize = require('sequelize');\r\nconst basename = path.basename(__filename);\r\nconst env = process.env.NODE_ENV || 'development';\r\nconst config = require(__dirname + '/../config/config.json')[env];\r\nconst db = {};\r\n\r\nlet sequelize;\r\nif (config.use_env_variable) {\r\n  sequelize = new Sequelize(process.env[config.use_env_variable], config);\r\n} else {\r\n  sequelize = new Sequelize(config.database, config.username, config.password, config);\r\n}\r\n\r\nfs\r\n  .readdirSync(__dirname)\r\n  .filter(file => {\r\n    return (file.indexOf('.') !== 0) && (file !== basename) && (file.slice(-3) === '.js');\r\n  })\r\n  .forEach(file => {\r\n    const model = require(path.join(__dirname, file))(sequelize, Sequelize.DataTypes);\r\n    db[model.name] = model;\r\n  });\r\n\r\nObject.keys(db).forEach(modelName => {\r\n  if (db[modelName].associate) {\r\n    db[modelName].associate(db);\r\n  }\r\n});\r\n\r\ndb.sequelize = sequelize;\r\ndb.Sequelize = Sequelize;\r\n\r\nmodule.exports = db;\r\n"]},"_coverageSchema":"1a1c01bbd47fc00a2c39e90264f33305004495a9","hash":"5e81e842d3f326a0e16051469e0a68e8a9281b6f","contentHash":"91cd9748e76ad0f07175d65977feb1a6f44e97100b40d809f362e2970c2d9ab2"},"C:\\studentMgmt\\CoursesManager\\models\\classroom.js":{"path":"C:\\studentMgmt\\CoursesManager\\models\\classroom.js","statementMap":{"0":{"start":{"line":3,"column":51},"end":{"line":3,"column":355}},"1":{"start":{"line":3,"column":126},"end":{"line":3,"column":181}},"2":{"start":{"line":3,"column":160},"end":{"line":3,"column":178}},"3":{"start":{"line":3,"column":191},"end":{"line":3,"column":353}},"4":{"start":{"line":3,"column":225},"end":{"line":3,"column":350}},"5":{"start":{"line":3,"column":356},"end":{"line":3,"column":376}},"6":{"start":{"line":5,"column":50},"end":{"line":5,"column":151}},"7":{"start":{"line":5,"column":92},"end":{"line":5,"column":149}},"8":{"start":{"line":7,"column":44},"end":{"line":7,"column":315}},"9":{"start":{"line":7,"column":57},"end":{"line":7,"column":58}},"10":{"start":{"line":7,"column":102},"end":{"line":7,"column":110}},"11":{"start":{"line":7,"column":112},"end":{"line":7,"column":167}},"12":{"start":{"line":7,"column":168},"end":{"line":7,"column":199}},"13":{"start":{"line":7,"column":200},"end":{"line":7,"column":254}},"14":{"start":{"line":7,"column":227},"end":{"line":7,"column":254}},"15":{"start":{"line":7,"column":255},"end":{"line":7,"column":313}},"16":{"start":{"line":9,"column":62},"end":{"line":9,"column":131}},"17":{"start":{"line":9,"column":78},"end":{"line":9,"column":131}},"18":{"start":{"line":9,"column":132},"end":{"line":9,"column":193}},"19":{"start":{"line":9,"column":149},"end":{"line":9,"column":193}},"20":{"start":{"line":9,"column":194},"end":{"line":9,"column":213}},"21":{"start":{"line":11,"column":43},"end":{"line":11,"column":182}},"22":{"start":{"line":11,"column":106},"end":{"line":11,"column":180}},"23":{"start":{"line":11,"column":183},"end":{"line":11,"column":328}},"24":{"start":{"line":11,"column":329},"end":{"line":11,"column":383}},"25":{"start":{"line":11,"column":345},"end":{"line":11,"column":383}},"26":{"start":{"line":13,"column":33},"end":{"line":13,"column":138}},"27":{"start":{"line":13,"column":109},"end":{"line":13,"column":125}},"28":{"start":{"line":13,"column":126},"end":{"line":13,"column":135}},"29":{"start":{"line":13,"column":139},"end":{"line":13,"column":168}},"30":{"start":{"line":15,"column":65},"end":{"line":15,"column":92}},"31":{"start":{"line":15,"column":94},"end":{"line":15,"column":423}},"32":{"start":{"line":15,"column":147},"end":{"line":15,"column":171}},"33":{"start":{"line":15,"column":181},"end":{"line":15,"column":371}},"34":{"start":{"line":15,"column":230},"end":{"line":15,"column":263}},"35":{"start":{"line":15,"column":265},"end":{"line":15,"column":321}},"36":{"start":{"line":15,"column":331},"end":{"line":15,"column":369}},"37":{"start":{"line":15,"column":372},"end":{"line":15,"column":420}},"38":{"start":{"line":17,"column":50},"end":{"line":17,"column":138}},"39":{"start":{"line":17,"column":124},"end":{"line":17,"column":136}},"40":{"start":{"line":17,"column":139},"end":{"line":17,"column":175}},"41":{"start":{"line":19,"column":40},"end":{"line":19,"column":151}},"42":{"start":{"line":19,"column":63},"end":{"line":19,"column":149}},"43":{"start":{"line":19,"column":152},"end":{"line":19,"column":164}},"44":{"start":{"line":21,"column":39},"end":{"line":21,"column":110}},"45":{"start":{"line":21,"column":97},"end":{"line":21,"column":110}},"46":{"start":{"line":21,"column":111},"end":{"line":21,"column":152}},"47":{"start":{"line":21,"column":139},"end":{"line":21,"column":152}},"48":{"start":{"line":21,"column":153},"end":{"line":21,"column":198}},"49":{"start":{"line":21,"column":186},"end":{"line":21,"column":198}},"50":{"start":{"line":21,"column":199},"end":{"line":21,"column":322}},"51":{"start":{"line":21,"column":205},"end":{"line":21,"column":279}},"52":{"start":{"line":21,"column":280},"end":{"line":21,"column":292}},"53":{"start":{"line":21,"column":307},"end":{"line":21,"column":320}},"54":{"start":{"line":23,"column":30},"end":{"line":23,"column":176}},"55":{"start":{"line":23,"column":126},"end":{"line":23,"column":173}},"56":{"start":{"line":23,"column":177},"end":{"line":23,"column":203}},"57":{"start":{"line":25,"column":15},"end":{"line":25,"column":35}},"58":{"start":{"line":26,"column":12},"end":{"line":26,"column":26}},"59":{"start":{"line":28,"column":0},"end":{"line":67,"column":2}},"60":{"start":{"line":29,"column":31},"end":{"line":57,"column":10}},"61":{"start":{"line":30,"column":4},"end":{"line":30,"column":33}},"62":{"start":{"line":32,"column":17},"end":{"line":32,"column":40}},"63":{"start":{"line":35,"column":6},"end":{"line":35,"column":39}},"64":{"start":{"line":37,"column":6},"end":{"line":37,"column":43}},"65":{"start":{"line":40,"column":4},"end":{"line":54,"column":8}},"66":{"start":{"line":49,"column":8},"end":{"line":52,"column":11}},"67":{"start":{"line":56,"column":4},"end":{"line":56,"column":21}},"68":{"start":{"line":60,"column":2},"end":{"line":65,"column":5}},"69":{"start":{"line":66,"column":2},"end":{"line":66,"column":19}}},"fnMap":{"0":{"name":"_typeof","decl":{"start":{"line":3,"column":9},"end":{"line":3,"column":16}},"loc":{"start":{"line":3,"column":22},"end":{"line":3,"column":378}},"line":3},"1":{"name":"_typeof","decl":{"start":{"line":3,"column":145},"end":{"line":3,"column":152}},"loc":{"start":{"line":3,"column":158},"end":{"line":3,"column":180}},"line":3},"2":{"name":"_typeof","decl":{"start":{"line":3,"column":210},"end":{"line":3,"column":217}},"loc":{"start":{"line":3,"column":223},"end":{"line":3,"column":352}},"line":3},"3":{"name":"_classCallCheck","decl":{"start":{"line":5,"column":9},"end":{"line":5,"column":24}},"loc":{"start":{"line":5,"column":48},"end":{"line":5,"column":153}},"line":5},"4":{"name":"_defineProperties","decl":{"start":{"line":7,"column":9},"end":{"line":7,"column":26}},"loc":{"start":{"line":7,"column":42},"end":{"line":7,"column":317}},"line":7},"5":{"name":"_createClass","decl":{"start":{"line":9,"column":9},"end":{"line":9,"column":21}},"loc":{"start":{"line":9,"column":60},"end":{"line":9,"column":215}},"line":9},"6":{"name":"_inherits","decl":{"start":{"line":11,"column":9},"end":{"line":11,"column":18}},"loc":{"start":{"line":11,"column":41},"end":{"line":11,"column":385}},"line":11},"7":{"name":"_setPrototypeOf","decl":{"start":{"line":13,"column":9},"end":{"line":13,"column":24}},"loc":{"start":{"line":13,"column":31},"end":{"line":13,"column":170}},"line":13},"8":{"name":"_setPrototypeOf","decl":{"start":{"line":13,"column":85},"end":{"line":13,"column":100}},"loc":{"start":{"line":13,"column":107},"end":{"line":13,"column":137}},"line":13},"9":{"name":"_createSuper","decl":{"start":{"line":15,"column":9},"end":{"line":15,"column":21}},"loc":{"start":{"line":15,"column":31},"end":{"line":15,"column":425}},"line":15},"10":{"name":"_createSuperInternal","decl":{"start":{"line":15,"column":110},"end":{"line":15,"column":130}},"loc":{"start":{"line":15,"column":133},"end":{"line":15,"column":422}},"line":15},"11":{"name":"_possibleConstructorReturn","decl":{"start":{"line":17,"column":9},"end":{"line":17,"column":35}},"loc":{"start":{"line":17,"column":48},"end":{"line":17,"column":177}},"line":17},"12":{"name":"_assertThisInitialized","decl":{"start":{"line":19,"column":9},"end":{"line":19,"column":31}},"loc":{"start":{"line":19,"column":38},"end":{"line":19,"column":166}},"line":19},"13":{"name":"_isNativeReflectConstruct","decl":{"start":{"line":21,"column":9},"end":{"line":21,"column":34}},"loc":{"start":{"line":21,"column":37},"end":{"line":21,"column":324}},"line":21},"14":{"name":"(anonymous_14)","decl":{"start":{"line":21,"column":262},"end":{"line":21,"column":263}},"loc":{"start":{"line":21,"column":274},"end":{"line":21,"column":276}},"line":21},"15":{"name":"_getPrototypeOf","decl":{"start":{"line":23,"column":9},"end":{"line":23,"column":24}},"loc":{"start":{"line":23,"column":28},"end":{"line":23,"column":205}},"line":23},"16":{"name":"_getPrototypeOf","decl":{"start":{"line":23,"column":105},"end":{"line":23,"column":120}},"loc":{"start":{"line":23,"column":124},"end":{"line":23,"column":175}},"line":23},"17":{"name":"(anonymous_17)","decl":{"start":{"line":28,"column":17},"end":{"line":28,"column":18}},"loc":{"start":{"line":28,"column":49},"end":{"line":67,"column":1}},"line":28},"18":{"name":"(anonymous_18)","decl":{"start":{"line":29,"column":31},"end":{"line":29,"column":32}},"loc":{"start":{"line":29,"column":49},"end":{"line":57,"column":3}},"line":29},"19":{"name":"classroom","decl":{"start":{"line":34,"column":13},"end":{"line":34,"column":22}},"loc":{"start":{"line":34,"column":25},"end":{"line":38,"column":5}},"line":34},"20":{"name":"associate","decl":{"start":{"line":48,"column":22},"end":{"line":48,"column":31}},"loc":{"start":{"line":48,"column":40},"end":{"line":53,"column":7}},"line":48}},"branchMap":{"0":{"loc":{"start":{"line":3,"column":51},"end":{"line":3,"column":355}},"type":"if","locations":[{"start":{"line":3,"column":51},"end":{"line":3,"column":355}},{"start":{"line":3,"column":51},"end":{"line":3,"column":355}}],"line":3},"1":{"loc":{"start":{"line":3,"column":55},"end":{"line":3,"column":122}},"type":"binary-expr","locations":[{"start":{"line":3,"column":55},"end":{"line":3,"column":83}},{"start":{"line":3,"column":87},"end":{"line":3,"column":122}}],"line":3},"2":{"loc":{"start":{"line":3,"column":232},"end":{"line":3,"column":349}},"type":"cond-expr","locations":[{"start":{"line":3,"column":328},"end":{"line":3,"column":336}},{"start":{"line":3,"column":339},"end":{"line":3,"column":349}}],"line":3},"3":{"loc":{"start":{"line":3,"column":232},"end":{"line":3,"column":325}},"type":"binary-expr","locations":[{"start":{"line":3,"column":232},"end":{"line":3,"column":235}},{"start":{"line":3,"column":239},"end":{"line":3,"column":267}},{"start":{"line":3,"column":271},"end":{"line":3,"column":297}},{"start":{"line":3,"column":301},"end":{"line":3,"column":325}}],"line":3},"4":{"loc":{"start":{"line":5,"column":50},"end":{"line":5,"column":151}},"type":"if","locations":[{"start":{"line":5,"column":50},"end":{"line":5,"column":151}},{"start":{"line":5,"column":50},"end":{"line":5,"column":151}}],"line":5},"5":{"loc":{"start":{"line":7,"column":136},"end":{"line":7,"column":166}},"type":"binary-expr","locations":[{"start":{"line":7,"column":136},"end":{"line":7,"column":157}},{"start":{"line":7,"column":161},"end":{"line":7,"column":166}}],"line":7},"6":{"loc":{"start":{"line":7,"column":200},"end":{"line":7,"column":254}},"type":"if","locations":[{"start":{"line":7,"column":200},"end":{"line":7,"column":254}},{"start":{"line":7,"column":200},"end":{"line":7,"column":254}}],"line":7},"7":{"loc":{"start":{"line":9,"column":62},"end":{"line":9,"column":131}},"type":"if","locations":[{"start":{"line":9,"column":62},"end":{"line":9,"column":131}},{"start":{"line":9,"column":62},"end":{"line":9,"column":131}}],"line":9},"8":{"loc":{"start":{"line":9,"column":132},"end":{"line":9,"column":193}},"type":"if","locations":[{"start":{"line":9,"column":132},"end":{"line":9,"column":193}},{"start":{"line":9,"column":132},"end":{"line":9,"column":193}}],"line":9},"9":{"loc":{"start":{"line":11,"column":43},"end":{"line":11,"column":182}},"type":"if","locations":[{"start":{"line":11,"column":43},"end":{"line":11,"column":182}},{"start":{"line":11,"column":43},"end":{"line":11,"column":182}}],"line":11},"10":{"loc":{"start":{"line":11,"column":47},"end":{"line":11,"column":102}},"type":"binary-expr","locations":[{"start":{"line":11,"column":47},"end":{"line":11,"column":79}},{"start":{"line":11,"column":83},"end":{"line":11,"column":102}}],"line":11},"11":{"loc":{"start":{"line":11,"column":218},"end":{"line":11,"column":252}},"type":"binary-expr","locations":[{"start":{"line":11,"column":218},"end":{"line":11,"column":228}},{"start":{"line":11,"column":232},"end":{"line":11,"column":252}}],"line":11},"12":{"loc":{"start":{"line":11,"column":329},"end":{"line":11,"column":383}},"type":"if","locations":[{"start":{"line":11,"column":329},"end":{"line":11,"column":383}},{"start":{"line":11,"column":329},"end":{"line":11,"column":383}}],"line":11},"13":{"loc":{"start":{"line":13,"column":51},"end":{"line":13,"column":137}},"type":"binary-expr","locations":[{"start":{"line":13,"column":51},"end":{"line":13,"column":72}},{"start":{"line":13,"column":76},"end":{"line":13,"column":137}}],"line":13},"14":{"loc":{"start":{"line":15,"column":181},"end":{"line":15,"column":371}},"type":"if","locations":[{"start":{"line":15,"column":181},"end":{"line":15,"column":371}},{"start":{"line":15,"column":181},"end":{"line":15,"column":371}}],"line":15},"15":{"loc":{"start":{"line":17,"column":50},"end":{"line":17,"column":138}},"type":"if","locations":[{"start":{"line":17,"column":50},"end":{"line":17,"column":138}},{"start":{"line":17,"column":50},"end":{"line":17,"column":138}}],"line":17},"16":{"loc":{"start":{"line":17,"column":54},"end":{"line":17,"column":120}},"type":"binary-expr","locations":[{"start":{"line":17,"column":54},"end":{"line":17,"column":58}},{"start":{"line":17,"column":63},"end":{"line":17,"column":89}},{"start":{"line":17,"column":93},"end":{"line":17,"column":119}}],"line":17},"17":{"loc":{"start":{"line":19,"column":40},"end":{"line":19,"column":151}},"type":"if","locations":[{"start":{"line":19,"column":40},"end":{"line":19,"column":151}},{"start":{"line":19,"column":40},"end":{"line":19,"column":151}}],"line":19},"18":{"loc":{"start":{"line":21,"column":39},"end":{"line":21,"column":110}},"type":"if","locations":[{"start":{"line":21,"column":39},"end":{"line":21,"column":110}},{"start":{"line":21,"column":39},"end":{"line":21,"column":110}}],"line":21},"19":{"loc":{"start":{"line":21,"column":43},"end":{"line":21,"column":95}},"type":"binary-expr","locations":[{"start":{"line":21,"column":43},"end":{"line":21,"column":73}},{"start":{"line":21,"column":77},"end":{"line":21,"column":95}}],"line":21},"20":{"loc":{"start":{"line":21,"column":111},"end":{"line":21,"column":152}},"type":"if","locations":[{"start":{"line":21,"column":111},"end":{"line":21,"column":152}},{"start":{"line":21,"column":111},"end":{"line":21,"column":152}}],"line":21},"21":{"loc":{"start":{"line":21,"column":153},"end":{"line":21,"column":198}},"type":"if","locations":[{"start":{"line":21,"column":153},"end":{"line":21,"column":198}},{"start":{"line":21,"column":153},"end":{"line":21,"column":198}}],"line":21},"22":{"loc":{"start":{"line":23,"column":48},"end":{"line":23,"column":175}},"type":"cond-expr","locations":[{"start":{"line":23,"column":72},"end":{"line":23,"column":93}},{"start":{"line":23,"column":96},"end":{"line":23,"column":175}}],"line":23},"23":{"loc":{"start":{"line":23,"column":133},"end":{"line":23,"column":172}},"type":"binary-expr","locations":[{"start":{"line":23,"column":133},"end":{"line":23,"column":144}},{"start":{"line":23,"column":148},"end":{"line":23,"column":172}}],"line":23}},"s":{"0":0,"1":0,"2":0,"3":0,"4":0,"5":0,"6":0,"7":0,"8":1,"9":1,"10":1,"11":1,"12":1,"13":1,"14":1,"15":1,"16":1,"17":0,"18":1,"19":1,"20":1,"21":1,"22":0,"23":1,"24":1,"25":1,"26":1,"27":0,"28":0,"29":1,"30":1,"31":1,"32":0,"33":0,"34":0,"35":0,"36":0,"37":0,"38":0,"39":0,"40":0,"41":0,"42":0,"43":0,"44":1,"45":0,"46":1,"47":0,"48":1,"49":1,"50":0,"51":0,"52":0,"53":0,"54":0,"55":0,"56":0,"57":1,"58":1,"59":1,"60":1,"61":1,"62":1,"63":0,"64":0,"65":1,"66":1,"67":1,"68":1,"69":1},"f":{"0":0,"1":0,"2":0,"3":0,"4":1,"5":1,"6":1,"7":1,"8":0,"9":1,"10":0,"11":0,"12":0,"13":1,"14":0,"15":0,"16":0,"17":1,"18":1,"19":0,"20":1},"b":{"0":[0,0],"1":[0,0],"2":[0,0],"3":[0,0,0,0],"4":[0,0],"5":[1,1],"6":[1,0],"7":[0,1],"8":[1,0],"9":[0,1],"10":[1,0],"11":[1,1],"12":[1,0],"13":[1,0],"14":[0,0],"15":[0,0],"16":[0,0,0],"17":[0,0],"18":[0,1],"19":[1,1],"20":[0,1],"21":[1,0],"22":[0,0],"23":[0,0]},"inputSourceMap":{"version":3,"sources":["classroom.js"],"names":["require","Model","module","exports","sequelize","DataTypes","classroom","models","hasMany","student","foreignKey","as","init","name","STRING","modelName"],"mappings":"AAAA;;;;;;;;;;;;;;;;;;;;;;;;eAGIA,OAAO,CAAC,WAAD,C;IADPC,K,YAAAA,K;;AAEJC,MAAM,CAACC,OAAP,GAAiB,UAACC,SAAD,EAAYC,SAAZ,EAA0B;AAAA,MACjCC,SADiC;AAAA;;AAAA;;AAAA;AAAA;;AAAA;AAAA;;AAAA;AAAA;;AAEnC;;;;;AAFmC,gCAOlBC,MAPkB,EAOV;AACrBD,QAAAA,SAAS,CAACE,OAAV,CAAkBD,MAAM,CAACE,OAAzB,EAAkC;AAC9BC,UAAAA,UAAU,EAAE,SADkB;AAE9BC,UAAAA,EAAE,EAAE;AAF0B,SAAlC;AAIH;AAZkC;;AAAA;AAAA,IACfV,KADe;;AAatC;AACDK,EAAAA,SAAS,CAACM,IAAV,CAAe;AACXC,IAAAA,IAAI,EAAER,SAAS,CAACS;AADL,GAAf,EAEG;AACCV,IAAAA,SAAS,EAATA,SADD;AAECW,IAAAA,SAAS,EAAE;AAFZ,GAFH;AAMA,SAAOT,SAAP;AACH,CArBD","sourceRoot":"C:\\studentMgmt\\CoursesManager\\models\\","sourcesContent":["'use strict';\r\nconst {\r\n    Model\r\n} = require('sequelize');\r\nmodule.exports = (sequelize, DataTypes) => {\r\n    class classroom extends Model {\r\n        /**\r\n         * Helper method for defining associations.\r\n         * This method is not a part of Sequelize lifecycle.\r\n         * The `models/index` file will call this method automatically.\r\n         */\r\n        static associate(models) {\r\n            classroom.hasMany(models.student, {\r\n                foreignKey: 'classId',\r\n                as: 'student',\r\n            });\r\n        }\r\n    };\r\n    classroom.init({\r\n        name: DataTypes.STRING\r\n    }, {\r\n        sequelize,\r\n        modelName: 'classroom',\r\n    });\r\n    return classroom;\r\n};"]},"_coverageSchema":"1a1c01bbd47fc00a2c39e90264f33305004495a9","hash":"fc2aff9a97ba453c0b343e9f4dffc114a5118f30","contentHash":"0900185b28f9ecfa1beaf0747f77d86a62f41c998b10bb4ed1701f810cffe785"},"C:\\studentMgmt\\CoursesManager\\models\\course.js":{"path":"C:\\studentMgmt\\CoursesManager\\models\\course.js","statementMap":{"0":{"start":{"line":3,"column":0},"end":{"line":22,"column":2}},"1":{"start":{"line":4,"column":15},"end":{"line":9,"column":4}},"2":{"start":{"line":21,"column":2},"end":{"line":21,"column":16}}},"fnMap":{"0":{"name":"(anonymous_0)","decl":{"start":{"line":3,"column":17},"end":{"line":3,"column":18}},"loc":{"start":{"line":3,"column":49},"end":{"line":22,"column":1}},"line":3}},"branchMap":{},"s":{"0":1,"1":1,"2":1},"f":{"0":1},"b":{},"inputSourceMap":{"version":3,"sources":["course.js"],"names":["module","exports","sequilize","DataTypes","course","define","name","STRING","content","genre","lecturerId","INTEGER"],"mappings":";;AAAAA,MAAM,CAACC,OAAP,GAAiB,UAACC,SAAD,EAAYC,SAAZ,EAA0B;AACvC,MAAMC,MAAM,GAAGF,SAAS,CAACG,MAAV,CAAiB,QAAjB,EAA2B;AACtCC,IAAAA,IAAI,EAAEH,SAAS,CAACI,MADsB;AAEtCC,IAAAA,OAAO,EAAEL,SAAS,CAACI,MAFmB;AAGtCE,IAAAA,KAAK,EAAEN,SAAS,CAACI,MAHqB;AAItCG,IAAAA,UAAU,EAAEP,SAAS,CAACQ;AAJgB,GAA3B,CAAf,CADuC,CAOvC;AACA;AACA;AACA;AACA;AACA;AACA;AACA;AACA;AACA;AACA;;AACA,SAAOP,MAAP;AACH,CAnBD,C,CAqBA;AACA;AACA;AACA;AACA;AACA;AACA;AACA;AACA;AACA;AACA;AACA;AACA;AACA;AACA;AACA;AACA;AACA;AAGA;AACA;AACA;AACA;AACA;AACA;AACA;AACA;AACA;AACA;AACA","sourceRoot":"C:\\studentMgmt\\CoursesManager\\models\\","sourcesContent":["module.exports = (sequilize, DataTypes) => {\r\n    const course = sequilize.define(\"course\", {\r\n        name: DataTypes.STRING,\r\n        content: DataTypes.STRING,\r\n        genre: DataTypes.STRING,\r\n        lecturerId: DataTypes.INTEGER\r\n    });\r\n    // course.association = models => {\r\n    //     course.belongsToMany(models.student, {\r\n    //         through: 'studentCourse',\r\n    //         as: 'students',\r\n    //         foreignKey: 'courseId'\r\n    //     });\r\n    //     course.belongsTo(models.lecturer, {\r\n    //         foreignKey: 'lecturerId',\r\n    //         as: 'lecturer'\r\n    //     });\r\n    // };\r\n    return course\r\n};\r\n\r\n// 'use strict';\r\n// const {\r\n//     Model\r\n// } = require('sequelize');\r\n// module.exports = (sequelize, DataTypes) => {\r\n//     class course extends Model {\r\n//         static associate(models) {\r\n//             course.belongsToMany(models.student, {\r\n//                 through: 'studentCourse',\r\n//                 as: 'students',\r\n//                 foreignKey: 'courseId'\r\n//             });\r\n//             course.belongsTo(models.lecturer, {\r\n//                 foreignKey: 'lecturerId',\r\n//                 as: 'lecturer'\r\n//             });\r\n//         }\r\n//     };\r\n\r\n\r\n//     course.init({\r\n//         name: DataTypes.STRING,\r\n//         content: DataTypes.STRING,\r\n//         genre: DataTypes.STRING,\r\n//         lecturerId: DataTypes.INTEGER\r\n//     }, {\r\n//         sequelize,\r\n//         modelName: 'course',\r\n//     });\r\n//     return course;\r\n// };"]},"_coverageSchema":"1a1c01bbd47fc00a2c39e90264f33305004495a9","hash":"1a67f570500478d9aaadfc224a8b9f6531bf6560","contentHash":"30711525804d5299df5a8f76f1353a44e1545699b5ea0bb08e5e5ad06d2a71d8"},"C:\\studentMgmt\\CoursesManager\\models\\lecturer.js":{"path":"C:\\studentMgmt\\CoursesManager\\models\\lecturer.js","statementMap":{"0":{"start":{"line":3,"column":51},"end":{"line":3,"column":355}},"1":{"start":{"line":3,"column":126},"end":{"line":3,"column":181}},"2":{"start":{"line":3,"column":160},"end":{"line":3,"column":178}},"3":{"start":{"line":3,"column":191},"end":{"line":3,"column":353}},"4":{"start":{"line":3,"column":225},"end":{"line":3,"column":350}},"5":{"start":{"line":3,"column":356},"end":{"line":3,"column":376}},"6":{"start":{"line":5,"column":50},"end":{"line":5,"column":151}},"7":{"start":{"line":5,"column":92},"end":{"line":5,"column":149}},"8":{"start":{"line":7,"column":44},"end":{"line":7,"column":315}},"9":{"start":{"line":7,"column":57},"end":{"line":7,"column":58}},"10":{"start":{"line":7,"column":102},"end":{"line":7,"column":110}},"11":{"start":{"line":7,"column":112},"end":{"line":7,"column":167}},"12":{"start":{"line":7,"column":168},"end":{"line":7,"column":199}},"13":{"start":{"line":7,"column":200},"end":{"line":7,"column":254}},"14":{"start":{"line":7,"column":227},"end":{"line":7,"column":254}},"15":{"start":{"line":7,"column":255},"end":{"line":7,"column":313}},"16":{"start":{"line":9,"column":62},"end":{"line":9,"column":131}},"17":{"start":{"line":9,"column":78},"end":{"line":9,"column":131}},"18":{"start":{"line":9,"column":132},"end":{"line":9,"column":193}},"19":{"start":{"line":9,"column":149},"end":{"line":9,"column":193}},"20":{"start":{"line":9,"column":194},"end":{"line":9,"column":213}},"21":{"start":{"line":11,"column":43},"end":{"line":11,"column":182}},"22":{"start":{"line":11,"column":106},"end":{"line":11,"column":180}},"23":{"start":{"line":11,"column":183},"end":{"line":11,"column":328}},"24":{"start":{"line":11,"column":329},"end":{"line":11,"column":383}},"25":{"start":{"line":11,"column":345},"end":{"line":11,"column":383}},"26":{"start":{"line":13,"column":33},"end":{"line":13,"column":138}},"27":{"start":{"line":13,"column":109},"end":{"line":13,"column":125}},"28":{"start":{"line":13,"column":126},"end":{"line":13,"column":135}},"29":{"start":{"line":13,"column":139},"end":{"line":13,"column":168}},"30":{"start":{"line":15,"column":65},"end":{"line":15,"column":92}},"31":{"start":{"line":15,"column":94},"end":{"line":15,"column":423}},"32":{"start":{"line":15,"column":147},"end":{"line":15,"column":171}},"33":{"start":{"line":15,"column":181},"end":{"line":15,"column":371}},"34":{"start":{"line":15,"column":230},"end":{"line":15,"column":263}},"35":{"start":{"line":15,"column":265},"end":{"line":15,"column":321}},"36":{"start":{"line":15,"column":331},"end":{"line":15,"column":369}},"37":{"start":{"line":15,"column":372},"end":{"line":15,"column":420}},"38":{"start":{"line":17,"column":50},"end":{"line":17,"column":138}},"39":{"start":{"line":17,"column":124},"end":{"line":17,"column":136}},"40":{"start":{"line":17,"column":139},"end":{"line":17,"column":175}},"41":{"start":{"line":19,"column":40},"end":{"line":19,"column":151}},"42":{"start":{"line":19,"column":63},"end":{"line":19,"column":149}},"43":{"start":{"line":19,"column":152},"end":{"line":19,"column":164}},"44":{"start":{"line":21,"column":39},"end":{"line":21,"column":110}},"45":{"start":{"line":21,"column":97},"end":{"line":21,"column":110}},"46":{"start":{"line":21,"column":111},"end":{"line":21,"column":152}},"47":{"start":{"line":21,"column":139},"end":{"line":21,"column":152}},"48":{"start":{"line":21,"column":153},"end":{"line":21,"column":198}},"49":{"start":{"line":21,"column":186},"end":{"line":21,"column":198}},"50":{"start":{"line":21,"column":199},"end":{"line":21,"column":322}},"51":{"start":{"line":21,"column":205},"end":{"line":21,"column":279}},"52":{"start":{"line":21,"column":280},"end":{"line":21,"column":292}},"53":{"start":{"line":21,"column":307},"end":{"line":21,"column":320}},"54":{"start":{"line":23,"column":30},"end":{"line":23,"column":176}},"55":{"start":{"line":23,"column":126},"end":{"line":23,"column":173}},"56":{"start":{"line":23,"column":177},"end":{"line":23,"column":203}},"57":{"start":{"line":25,"column":15},"end":{"line":25,"column":35}},"58":{"start":{"line":26,"column":12},"end":{"line":26,"column":26}},"59":{"start":{"line":28,"column":0},"end":{"line":72,"column":2}},"60":{"start":{"line":29,"column":30},"end":{"line":57,"column":10}},"61":{"start":{"line":30,"column":4},"end":{"line":30,"column":32}},"62":{"start":{"line":32,"column":17},"end":{"line":32,"column":39}},"63":{"start":{"line":35,"column":6},"end":{"line":35,"column":38}},"64":{"start":{"line":37,"column":6},"end":{"line":37,"column":43}},"65":{"start":{"line":40,"column":4},"end":{"line":54,"column":8}},"66":{"start":{"line":49,"column":8},"end":{"line":52,"column":11}},"67":{"start":{"line":56,"column":4},"end":{"line":56,"column":20}},"68":{"start":{"line":60,"column":2},"end":{"line":70,"column":5}},"69":{"start":{"line":71,"column":2},"end":{"line":71,"column":18}}},"fnMap":{"0":{"name":"_typeof","decl":{"start":{"line":3,"column":9},"end":{"line":3,"column":16}},"loc":{"start":{"line":3,"column":22},"end":{"line":3,"column":378}},"line":3},"1":{"name":"_typeof","decl":{"start":{"line":3,"column":145},"end":{"line":3,"column":152}},"loc":{"start":{"line":3,"column":158},"end":{"line":3,"column":180}},"line":3},"2":{"name":"_typeof","decl":{"start":{"line":3,"column":210},"end":{"line":3,"column":217}},"loc":{"start":{"line":3,"column":223},"end":{"line":3,"column":352}},"line":3},"3":{"name":"_classCallCheck","decl":{"start":{"line":5,"column":9},"end":{"line":5,"column":24}},"loc":{"start":{"line":5,"column":48},"end":{"line":5,"column":153}},"line":5},"4":{"name":"_defineProperties","decl":{"start":{"line":7,"column":9},"end":{"line":7,"column":26}},"loc":{"start":{"line":7,"column":42},"end":{"line":7,"column":317}},"line":7},"5":{"name":"_createClass","decl":{"start":{"line":9,"column":9},"end":{"line":9,"column":21}},"loc":{"start":{"line":9,"column":60},"end":{"line":9,"column":215}},"line":9},"6":{"name":"_inherits","decl":{"start":{"line":11,"column":9},"end":{"line":11,"column":18}},"loc":{"start":{"line":11,"column":41},"end":{"line":11,"column":385}},"line":11},"7":{"name":"_setPrototypeOf","decl":{"start":{"line":13,"column":9},"end":{"line":13,"column":24}},"loc":{"start":{"line":13,"column":31},"end":{"line":13,"column":170}},"line":13},"8":{"name":"_setPrototypeOf","decl":{"start":{"line":13,"column":85},"end":{"line":13,"column":100}},"loc":{"start":{"line":13,"column":107},"end":{"line":13,"column":137}},"line":13},"9":{"name":"_createSuper","decl":{"start":{"line":15,"column":9},"end":{"line":15,"column":21}},"loc":{"start":{"line":15,"column":31},"end":{"line":15,"column":425}},"line":15},"10":{"name":"_createSuperInternal","decl":{"start":{"line":15,"column":110},"end":{"line":15,"column":130}},"loc":{"start":{"line":15,"column":133},"end":{"line":15,"column":422}},"line":15},"11":{"name":"_possibleConstructorReturn","decl":{"start":{"line":17,"column":9},"end":{"line":17,"column":35}},"loc":{"start":{"line":17,"column":48},"end":{"line":17,"column":177}},"line":17},"12":{"name":"_assertThisInitialized","decl":{"start":{"line":19,"column":9},"end":{"line":19,"column":31}},"loc":{"start":{"line":19,"column":38},"end":{"line":19,"column":166}},"line":19},"13":{"name":"_isNativeReflectConstruct","decl":{"start":{"line":21,"column":9},"end":{"line":21,"column":34}},"loc":{"start":{"line":21,"column":37},"end":{"line":21,"column":324}},"line":21},"14":{"name":"(anonymous_14)","decl":{"start":{"line":21,"column":262},"end":{"line":21,"column":263}},"loc":{"start":{"line":21,"column":274},"end":{"line":21,"column":276}},"line":21},"15":{"name":"_getPrototypeOf","decl":{"start":{"line":23,"column":9},"end":{"line":23,"column":24}},"loc":{"start":{"line":23,"column":28},"end":{"line":23,"column":205}},"line":23},"16":{"name":"_getPrototypeOf","decl":{"start":{"line":23,"column":105},"end":{"line":23,"column":120}},"loc":{"start":{"line":23,"column":124},"end":{"line":23,"column":175}},"line":23},"17":{"name":"(anonymous_17)","decl":{"start":{"line":28,"column":17},"end":{"line":28,"column":18}},"loc":{"start":{"line":28,"column":49},"end":{"line":72,"column":1}},"line":28},"18":{"name":"(anonymous_18)","decl":{"start":{"line":29,"column":30},"end":{"line":29,"column":31}},"loc":{"start":{"line":29,"column":48},"end":{"line":57,"column":3}},"line":29},"19":{"name":"lecturer","decl":{"start":{"line":34,"column":13},"end":{"line":34,"column":21}},"loc":{"start":{"line":34,"column":24},"end":{"line":38,"column":5}},"line":34},"20":{"name":"associate","decl":{"start":{"line":48,"column":22},"end":{"line":48,"column":31}},"loc":{"start":{"line":48,"column":40},"end":{"line":53,"column":7}},"line":48}},"branchMap":{"0":{"loc":{"start":{"line":3,"column":51},"end":{"line":3,"column":355}},"type":"if","locations":[{"start":{"line":3,"column":51},"end":{"line":3,"column":355}},{"start":{"line":3,"column":51},"end":{"line":3,"column":355}}],"line":3},"1":{"loc":{"start":{"line":3,"column":55},"end":{"line":3,"column":122}},"type":"binary-expr","locations":[{"start":{"line":3,"column":55},"end":{"line":3,"column":83}},{"start":{"line":3,"column":87},"end":{"line":3,"column":122}}],"line":3},"2":{"loc":{"start":{"line":3,"column":232},"end":{"line":3,"column":349}},"type":"cond-expr","locations":[{"start":{"line":3,"column":328},"end":{"line":3,"column":336}},{"start":{"line":3,"column":339},"end":{"line":3,"column":349}}],"line":3},"3":{"loc":{"start":{"line":3,"column":232},"end":{"line":3,"column":325}},"type":"binary-expr","locations":[{"start":{"line":3,"column":232},"end":{"line":3,"column":235}},{"start":{"line":3,"column":239},"end":{"line":3,"column":267}},{"start":{"line":3,"column":271},"end":{"line":3,"column":297}},{"start":{"line":3,"column":301},"end":{"line":3,"column":325}}],"line":3},"4":{"loc":{"start":{"line":5,"column":50},"end":{"line":5,"column":151}},"type":"if","locations":[{"start":{"line":5,"column":50},"end":{"line":5,"column":151}},{"start":{"line":5,"column":50},"end":{"line":5,"column":151}}],"line":5},"5":{"loc":{"start":{"line":7,"column":136},"end":{"line":7,"column":166}},"type":"binary-expr","locations":[{"start":{"line":7,"column":136},"end":{"line":7,"column":157}},{"start":{"line":7,"column":161},"end":{"line":7,"column":166}}],"line":7},"6":{"loc":{"start":{"line":7,"column":200},"end":{"line":7,"column":254}},"type":"if","locations":[{"start":{"line":7,"column":200},"end":{"line":7,"column":254}},{"start":{"line":7,"column":200},"end":{"line":7,"column":254}}],"line":7},"7":{"loc":{"start":{"line":9,"column":62},"end":{"line":9,"column":131}},"type":"if","locations":[{"start":{"line":9,"column":62},"end":{"line":9,"column":131}},{"start":{"line":9,"column":62},"end":{"line":9,"column":131}}],"line":9},"8":{"loc":{"start":{"line":9,"column":132},"end":{"line":9,"column":193}},"type":"if","locations":[{"start":{"line":9,"column":132},"end":{"line":9,"column":193}},{"start":{"line":9,"column":132},"end":{"line":9,"column":193}}],"line":9},"9":{"loc":{"start":{"line":11,"column":43},"end":{"line":11,"column":182}},"type":"if","locations":[{"start":{"line":11,"column":43},"end":{"line":11,"column":182}},{"start":{"line":11,"column":43},"end":{"line":11,"column":182}}],"line":11},"10":{"loc":{"start":{"line":11,"column":47},"end":{"line":11,"column":102}},"type":"binary-expr","locations":[{"start":{"line":11,"column":47},"end":{"line":11,"column":79}},{"start":{"line":11,"column":83},"end":{"line":11,"column":102}}],"line":11},"11":{"loc":{"start":{"line":11,"column":218},"end":{"line":11,"column":252}},"type":"binary-expr","locations":[{"start":{"line":11,"column":218},"end":{"line":11,"column":228}},{"start":{"line":11,"column":232},"end":{"line":11,"column":252}}],"line":11},"12":{"loc":{"start":{"line":11,"column":329},"end":{"line":11,"column":383}},"type":"if","locations":[{"start":{"line":11,"column":329},"end":{"line":11,"column":383}},{"start":{"line":11,"column":329},"end":{"line":11,"column":383}}],"line":11},"13":{"loc":{"start":{"line":13,"column":51},"end":{"line":13,"column":137}},"type":"binary-expr","locations":[{"start":{"line":13,"column":51},"end":{"line":13,"column":72}},{"start":{"line":13,"column":76},"end":{"line":13,"column":137}}],"line":13},"14":{"loc":{"start":{"line":15,"column":181},"end":{"line":15,"column":371}},"type":"if","locations":[{"start":{"line":15,"column":181},"end":{"line":15,"column":371}},{"start":{"line":15,"column":181},"end":{"line":15,"column":371}}],"line":15},"15":{"loc":{"start":{"line":17,"column":50},"end":{"line":17,"column":138}},"type":"if","locations":[{"start":{"line":17,"column":50},"end":{"line":17,"column":138}},{"start":{"line":17,"column":50},"end":{"line":17,"column":138}}],"line":17},"16":{"loc":{"start":{"line":17,"column":54},"end":{"line":17,"column":120}},"type":"binary-expr","locations":[{"start":{"line":17,"column":54},"end":{"line":17,"column":58}},{"start":{"line":17,"column":63},"end":{"line":17,"column":89}},{"start":{"line":17,"column":93},"end":{"line":17,"column":119}}],"line":17},"17":{"loc":{"start":{"line":19,"column":40},"end":{"line":19,"column":151}},"type":"if","locations":[{"start":{"line":19,"column":40},"end":{"line":19,"column":151}},{"start":{"line":19,"column":40},"end":{"line":19,"column":151}}],"line":19},"18":{"loc":{"start":{"line":21,"column":39},"end":{"line":21,"column":110}},"type":"if","locations":[{"start":{"line":21,"column":39},"end":{"line":21,"column":110}},{"start":{"line":21,"column":39},"end":{"line":21,"column":110}}],"line":21},"19":{"loc":{"start":{"line":21,"column":43},"end":{"line":21,"column":95}},"type":"binary-expr","locations":[{"start":{"line":21,"column":43},"end":{"line":21,"column":73}},{"start":{"line":21,"column":77},"end":{"line":21,"column":95}}],"line":21},"20":{"loc":{"start":{"line":21,"column":111},"end":{"line":21,"column":152}},"type":"if","locations":[{"start":{"line":21,"column":111},"end":{"line":21,"column":152}},{"start":{"line":21,"column":111},"end":{"line":21,"column":152}}],"line":21},"21":{"loc":{"start":{"line":21,"column":153},"end":{"line":21,"column":198}},"type":"if","locations":[{"start":{"line":21,"column":153},"end":{"line":21,"column":198}},{"start":{"line":21,"column":153},"end":{"line":21,"column":198}}],"line":21},"22":{"loc":{"start":{"line":23,"column":48},"end":{"line":23,"column":175}},"type":"cond-expr","locations":[{"start":{"line":23,"column":72},"end":{"line":23,"column":93}},{"start":{"line":23,"column":96},"end":{"line":23,"column":175}}],"line":23},"23":{"loc":{"start":{"line":23,"column":133},"end":{"line":23,"column":172}},"type":"binary-expr","locations":[{"start":{"line":23,"column":133},"end":{"line":23,"column":144}},{"start":{"line":23,"column":148},"end":{"line":23,"column":172}}],"line":23}},"s":{"0":0,"1":0,"2":0,"3":0,"4":0,"5":0,"6":0,"7":0,"8":1,"9":1,"10":1,"11":1,"12":1,"13":1,"14":1,"15":1,"16":1,"17":0,"18":1,"19":1,"20":1,"21":1,"22":0,"23":1,"24":1,"25":1,"26":1,"27":0,"28":0,"29":1,"30":1,"31":1,"32":0,"33":0,"34":0,"35":0,"36":0,"37":0,"38":0,"39":0,"40":0,"41":0,"42":0,"43":0,"44":1,"45":0,"46":1,"47":0,"48":1,"49":1,"50":0,"51":0,"52":0,"53":0,"54":0,"55":0,"56":0,"57":1,"58":1,"59":1,"60":1,"61":1,"62":1,"63":0,"64":0,"65":1,"66":1,"67":1,"68":1,"69":1},"f":{"0":0,"1":0,"2":0,"3":0,"4":1,"5":1,"6":1,"7":1,"8":0,"9":1,"10":0,"11":0,"12":0,"13":1,"14":0,"15":0,"16":0,"17":1,"18":1,"19":0,"20":1},"b":{"0":[0,0],"1":[0,0],"2":[0,0],"3":[0,0,0,0],"4":[0,0],"5":[1,1],"6":[1,0],"7":[0,1],"8":[1,0],"9":[0,1],"10":[1,0],"11":[1,1],"12":[1,0],"13":[1,0],"14":[0,0],"15":[0,0],"16":[0,0,0],"17":[0,0],"18":[0,1],"19":[1,1],"20":[0,1],"21":[1,0],"22":[0,0],"23":[0,0]},"inputSourceMap":{"version":3,"sources":["lecturer.js"],"names":["require","Model","module","exports","sequelize","DataTypes","lecturer","models","hasOne","course","foreignKey","as","init","classId","INTEGER","name","STRING","email","dob","DATE","address","phone","modelName"],"mappings":"AAAA;;;;;;;;;;;;;;;;;;;;;;;;eAGIA,OAAO,CAAC,WAAD,C;IADPC,K,YAAAA,K;;AAEJC,MAAM,CAACC,OAAP,GAAiB,UAACC,SAAD,EAAYC,SAAZ,EAA0B;AAAA,MACjCC,QADiC;AAAA;;AAAA;;AAAA;AAAA;;AAAA;AAAA;;AAAA;AAAA;;AAEnC;;;;;AAFmC,gCAOlBC,MAPkB,EAOV;AACrBD,QAAAA,QAAQ,CAACE,MAAT,CAAgBD,MAAM,CAACE,MAAvB,EAA+B;AAC3BC,UAAAA,UAAU,EAAE,YADe;AAE3BC,UAAAA,EAAE,EAAE;AAFuB,SAA/B;AAIH;AAZkC;;AAAA;AAAA,IAChBV,KADgB;;AAatC;AACDK,EAAAA,QAAQ,CAACM,IAAT,CAAc;AACVC,IAAAA,OAAO,EAAER,SAAS,CAACS,OADT;AAEVC,IAAAA,IAAI,EAAEV,SAAS,CAACW,MAFN;AAGVC,IAAAA,KAAK,EAAEZ,SAAS,CAACW,MAHP;AAIVE,IAAAA,GAAG,EAAEb,SAAS,CAACc,IAJL;AAKVC,IAAAA,OAAO,EAAEf,SAAS,CAACW,MALT;AAMVK,IAAAA,KAAK,EAAEhB,SAAS,CAACW;AANP,GAAd,EAOG;AACCZ,IAAAA,SAAS,EAATA,SADD;AAECkB,IAAAA,SAAS,EAAE;AAFZ,GAPH;AAWA,SAAOhB,QAAP;AACH,CA1BD","sourceRoot":"C:\\studentMgmt\\CoursesManager\\models\\","sourcesContent":["'use strict';\r\nconst {\r\n    Model\r\n} = require('sequelize');\r\nmodule.exports = (sequelize, DataTypes) => {\r\n    class lecturer extends Model {\r\n        /**\r\n         * Helper method for defining associations.\r\n         * This method is not a part of Sequelize lifecycle.\r\n         * The `models/index` file will call this method automatically.\r\n         */\r\n        static associate(models) {\r\n            lecturer.hasOne(models.course, {\r\n                foreignKey: 'lecturerId',\r\n                as: 'course',\r\n            });\r\n        }\r\n    };\r\n    lecturer.init({\r\n        classId: DataTypes.INTEGER,\r\n        name: DataTypes.STRING,\r\n        email: DataTypes.STRING,\r\n        dob: DataTypes.DATE,\r\n        address: DataTypes.STRING,\r\n        phone: DataTypes.STRING\r\n    }, {\r\n        sequelize,\r\n        modelName: 'lecturer',\r\n    });\r\n    return lecturer;\r\n};"]},"_coverageSchema":"1a1c01bbd47fc00a2c39e90264f33305004495a9","hash":"572d6d6853a0d2fe24b9bc4d85c88c9604ff0ae6","contentHash":"cf23e712175be38d9f9a8d72ef88ff7e398d597fd149c6f9e947e09b58ac9951"},"C:\\studentMgmt\\CoursesManager\\models\\student.js":{"path":"C:\\studentMgmt\\CoursesManager\\models\\student.js","statementMap":{"0":{"start":{"line":3,"column":51},"end":{"line":3,"column":355}},"1":{"start":{"line":3,"column":126},"end":{"line":3,"column":181}},"2":{"start":{"line":3,"column":160},"end":{"line":3,"column":178}},"3":{"start":{"line":3,"column":191},"end":{"line":3,"column":353}},"4":{"start":{"line":3,"column":225},"end":{"line":3,"column":350}},"5":{"start":{"line":3,"column":356},"end":{"line":3,"column":376}},"6":{"start":{"line":5,"column":50},"end":{"line":5,"column":151}},"7":{"start":{"line":5,"column":92},"end":{"line":5,"column":149}},"8":{"start":{"line":7,"column":44},"end":{"line":7,"column":315}},"9":{"start":{"line":7,"column":57},"end":{"line":7,"column":58}},"10":{"start":{"line":7,"column":102},"end":{"line":7,"column":110}},"11":{"start":{"line":7,"column":112},"end":{"line":7,"column":167}},"12":{"start":{"line":7,"column":168},"end":{"line":7,"column":199}},"13":{"start":{"line":7,"column":200},"end":{"line":7,"column":254}},"14":{"start":{"line":7,"column":227},"end":{"line":7,"column":254}},"15":{"start":{"line":7,"column":255},"end":{"line":7,"column":313}},"16":{"start":{"line":9,"column":62},"end":{"line":9,"column":131}},"17":{"start":{"line":9,"column":78},"end":{"line":9,"column":131}},"18":{"start":{"line":9,"column":132},"end":{"line":9,"column":193}},"19":{"start":{"line":9,"column":149},"end":{"line":9,"column":193}},"20":{"start":{"line":9,"column":194},"end":{"line":9,"column":213}},"21":{"start":{"line":11,"column":43},"end":{"line":11,"column":182}},"22":{"start":{"line":11,"column":106},"end":{"line":11,"column":180}},"23":{"start":{"line":11,"column":183},"end":{"line":11,"column":328}},"24":{"start":{"line":11,"column":329},"end":{"line":11,"column":383}},"25":{"start":{"line":11,"column":345},"end":{"line":11,"column":383}},"26":{"start":{"line":13,"column":33},"end":{"line":13,"column":138}},"27":{"start":{"line":13,"column":109},"end":{"line":13,"column":125}},"28":{"start":{"line":13,"column":126},"end":{"line":13,"column":135}},"29":{"start":{"line":13,"column":139},"end":{"line":13,"column":168}},"30":{"start":{"line":15,"column":65},"end":{"line":15,"column":92}},"31":{"start":{"line":15,"column":94},"end":{"line":15,"column":423}},"32":{"start":{"line":15,"column":147},"end":{"line":15,"column":171}},"33":{"start":{"line":15,"column":181},"end":{"line":15,"column":371}},"34":{"start":{"line":15,"column":230},"end":{"
[...]
sage: 'lecturer Not Found',\r\n                    });\r\n                }\r\n                return lecturer\r\n                    .destroy()\r\n                    .then(() => res.status(204).send())\r\n                    .catch((error) => res.status(400).send(error));\r\n            })\r\n            .catch((error) => res.status(400).send(error));\r\n    },\r\n};"]},"_coverageSchema":"1a1c01bbd47fc00a2c39e90264f33305004495a9","hash":"1622db91309a294de9d22a0804a804e23f4bf226","contentHash":"a9209bb0f010e3225fd0e44cc5b10c3e8969dad5a85ebcbb3529a0df72b4f3cf"},"C:\\studentMgmt\\CoursesManager\\controllers\\course.js":{"path":"C:\\studentMgmt\\CoursesManager\\controllers\\course.js","statementMap":{"0":{"start":{"line":6,"column":14},"end":{"line":6,"column":42}},"1":{"start":{"line":8,"column":15},"end":{"line":8,"column":44}},"2":{"start":{"line":10,"column":13},"end":{"line":10,"column":40}},"3":{"start":{"line":12,"column":15},"end":{"line":12,"column":54}},"4":{"start":{"line":13,"column":22},"end":{"line":13,"column":46}},"5":{"start":{"line":15,"column":0},"end":{"line":119,"column":2}},"6":{"start":{"line":17,"column":4},"end":{"line":22,"column":7}},"7":{"start":{"line":18,"column":6},"end":{"line":18,"column":42}},"8":{"start":{"line":20,"column":6},"end":{"line":20,"column":25}},"9":{"start":{"line":21,"column":6},"end":{"line":21,"column":34}},"10":{"start":{"line":25,"column":4},"end":{"line":36,"column":7}},"11":{"start":{"line":26,"column":6},"end":{"line":30,"column":7}},"12":{"start":{"line":27,"column":8},"end":{"line":29,"column":11}},"13":{"start":{"line":32,"column":6},"end":{"line":32,"column":42}},"14":{"start":{"line":34,"column":6},"end":{"line":34,"column":25}},"15":{"start":{"line":35,"column":6},"end":{"line":35,"column":34}},"16":{"start":{"line":39,"column":4},"end":{"line":49,"column":7}},"17":{"start":{"line":46,"column":6},"end":{"line":46,"column":42}},"18":{"start":{"line":48,"column":6},"end":{"line":48,"column":41}},"19":{"start":{"line":52,"column":4},"end":{"line":76,"column":7}},"20":{"start":{"line":58,"column":6},"end":{"line":62,"column":7}},"21":{"start":{"line":59,"column":8},"end":{"line":61,"column":11}},"22":{"start":{"line":64,"column":6},"end":{"line":73,"column":9}},"23":{"start":{"line":65,"column":8},"end":{"line":69,"column":9}},"24":{"start":{"line":66,"column":10},"end":{"line":68,"column":13}},"25":{"start":{"line":71,"column":8},"end":{"line":71,"column":34}},"26":{"start":{"line":72,"column":8},"end":{"line":72,"column":45}},"27":{"start":{"line":75,"column":6},"end":{"line":75,"column":41}},"28":{"start":{"line":79,"column":4},"end":{"line":98,"column":7}},"29":{"start":{"line":80,"column":6},"end":{"line":84,"column":7}},"30":{"start":{"line":81,"column":8},"end":{"line":83,"column":11}},"31":{"start":{"line":86,"column":6},"end":{"line":95,"column":9}},"32":{"start":{"line":92,"column":8},"end":{"line":92,"column":44}},"33":{"start":{"line":94,"column":8},"end":{"line":94,"column":43}},"34":{"start":{"line":97,"column":6},"end":{"line":97,"column":41}},"35":{"start":{"line":101,"column":4},"end":{"line":117,"column":7}},"36":{"start":{"line":102,"column":6},"end":{"line":106,"column":7}},"37":{"start":{"line":103,"column":8},"end":{"line":105,"column":11}},"38":{"start":{"line":108,"column":6},"end":{"line":114,"column":9}},"39":{"start":{"line":109,"column":8},"end":{"line":111,"column":11}},"40":{"start":{"line":113,"column":8},"end":{"line":113,"column":43}},"41":{"start":{"line":116,"column":6},"end":{"line":116,"column":41}}},"fnMap":{"0":{"name":"list","decl":{"start":{"line":16,"column":17},"end":{"line":16,"column":21}},"loc":{"start":{"line":16,"column":38},"end":{"line":23,"column":3}},"line":16},"1":{"name":"(anonymous_1)","decl":{"start":{"line":17,"column":33},"end":{"line":17,"column":34}},"loc":{"start":{"line":17,"column":51},"end":{"line":19,"column":5}},"line":17},"2":{"name":"(anonymous_2)","decl":{"start":{"line":19,"column":16},"end":{"line":19,"column":17}},"loc":{"start":{"line":19,"column":33},"end":{"line":22,"column":5}},"line":19},"3":{"name":"getById","decl":{"start":{"line":24,"column":20},"end":{"line":24,"column":27}},"loc":{"start":{"line":24,"column":44},"end":{"line":37,"column":3}},"line":24},"4":{"name":"(anonymous_4)","decl":{"start":{"line":25,"column":47},"end":{"line":25,"column":48}},"loc":{"start":{"line":25,"column":65},"end":{"line":33,"column":5}},"line":25},"5":{"name":"(anonymous_5)","decl":{"start":{"line":33,"column":16},"end":{"line":33,"column":17}},"loc":{"start":{"line":33,"column":33},"end":{"line":36,"column":5}},"line":33},"6":{"name":"add","decl":{"start":{"line":38,"column":16},"end":{"line":38,"column":19}},"loc":{"start":{"line":38,"column":36},"end":{"line":50,"column":3}},"line":38},"7":{"name":"(anonymous_7)","decl":{"start":{"line":45,"column":12},"end":{"line":45,"column":13}},"loc":{"start":{"line":45,"column":30},"end":{"line":47,"column":5}},"line":45},"8":{"name":"(anonymous_8)","decl":{"start":{"line":47,"column":16},"end":{"line":47,"column":17}},"loc":{"start":{"line":47,"column":33},"end":{"line":49,"column":5}},"line":47},"9":{"name":"addcourse","decl":{"start":{"line":51,"column":22},"end":{"line":51,"column":31}},"loc":{"start":{"line":51,"column":42},"end":{"line":77,"column":3}},"line":51},"10":{"name":"(anonymous_10)","decl":{"start":{"line":57,"column":12},"end":{"line":57,"column":13}},"loc":{"start":{"line":57,"column":31},"end":{"line":74,"column":5}},"line":57},"11":{"name":"(anonymous_11)","decl":{"start":{"line":64,"column":45},"end":{"line":64,"column":46}},"loc":{"start":{"line":64,"column":63},"end":{"line":73,"column":7}},"line":64},"12":{"name":"(anonymous_12)","decl":{"start":{"line":74,"column":16},"end":{"line":74,"column":17}},"loc":{"start":{"line":74,"column":33},"end":{"line":76,"column":5}},"line":74},"13":{"name":"update","decl":{"start":{"line":78,"column":19},"end":{"line":78,"column":25}},"loc":{"start":{"line":78,"column":36},"end":{"line":99,"column":3}},"line":78},"14":{"name":"(anonymous_14)","decl":{"start":{"line":79,"column":47},"end":{"line":79,"column":48}},"loc":{"start":{"line":79,"column":65},"end":{"line":96,"column":5}},"line":79},"15":{"name":"(anonymous_15)","decl":{"start":{"line":91,"column":14},"end":{"line":91,"column":15}},"loc":{"start":{"line":91,"column":32},"end":{"line":93,"column":7}},"line":91},"16":{"name":"(anonymous_16)","decl":{"start":{"line":93,"column":18},"end":{"line":93,"column":19}},"loc":{"start":{"line":93,"column":35},"end":{"line":95,"column":7}},"line":93},"17":{"name":"(anonymous_17)","decl":{"start":{"line":96,"column":16},"end":{"line":96,"column":17}},"loc":{"start":{"line":96,"column":33},"end":{"line":98,"column":5}},"line":96},"18":{"name":"_delete","decl":{"start":{"line":100,"column":21},"end":{"line":100,"column":28}},"loc":{"start":{"line":100,"column":39},"end":{"line":118,"column":3}},"line":100},"19":{"name":"(anonymous_19)","decl":{"start":{"line":101,"column":47},"end":{"line":101,"column":48}},"loc":{"start":{"line":101,"column":65},"end":{"line":115,"column":5}},"line":101},"20":{"name":"(anonymous_20)","decl":{"start":{"line":108,"column":35},"end":{"line":108,"column":36}},"loc":{"start":{"line":108,"column":47},"end":{"line":112,"column":7}},"line":108},"21":{"name":"(anonymous_21)","decl":{"start":{"line":112,"column":18},"end":{"line":112,"column":19}},"loc":{"start":{"line":112,"column":35},"end":{"line":114,"column":7}},"line":112},"22":{"name":"(anonymous_22)","decl":{"start":{"line":115,"column":16},"end":{"line":115,"column":17}},"loc":{"start":{"line":115,"column":33},"end":{"line":117,"column":5}},"line":115}},"branchMap":{"0":{"loc":{"start":{"line":26,"column":6},"end":{"line":30,"column":7}},"type":"if","locations":[{"start":{"line":26,"column":6},"end":{"line":30,"column":7}},{"start":{"line":26,"column":6},"end":{"line":30,"column":7}}],"line":26},"1":{"loc":{"start":{"line":58,"column":6},"end":{"line":62,"column":7}},"type":"if","locations":[{"start":{"line":58,"column":6},"end":{"line":62,"column":7}},{"start":{"line":58,"column":6},"end":{"line":62,"column":7}}],"line":58},"2":{"loc":{"start":{"line":65,"column":8},"end":{"line":69,"column":9}},"type":"if","locations":[{"start":{"line":65,"column":8},"end":{"line":69,"column":9}},{"start":{"line":65,"column":8},"end":{"line":69,"column":9}}],"line":65},"3":{"loc":{"start":{"line":80,"column":6},"end":{"line":84,"column":7}},"type":"if","locations":[{"start":{"line":80,"column":6},"end":{"line":84,"column":7}},{"start":{"line":80,"column":6},"end":{"line":84,"column":7}}],"line":80},"4":{"loc":{"start":{"line":102,"column":6},"end":{"line":106,"column":7}},"type":"if","locations":[{"start":{"line":102,"column":6},"end":{"line":106,"column":7}},{"start":{"line":102,"column":6},"end":{"line":106,"column":7}}],"line":102}},"s":{"0":1,"1":1,"2":1,"3":1,"4":1,"5":1,"6":1,"7":1,"8":0,"9":0,"10":0,"11":0,"12":0,"13":0,"14":0,"15":0,"16":1,"17":1,"18":0,"19":0,"20":0,"21":0,"22":0,"23":0,"24":0,"25":0,"26":0,"27":0,"28":0,"29":0,"30":0,"31":0,"32":0,"33":0,"34":0,"35":0,"36":0,"37":0,"38":0,"39":0,"40":0,"41":0},"f":{"0":1,"1":1,"2":0,"3":0,"4":0,"5":0,"6":1,"7":1,"8":0,"9":0,"10":0,"11":0,"12":0,"13":0,"14":0,"15":0,"16":0,"17":0,"18":0,"19":0,"20":0,"21":0,"22":0},"b":{"0":[0,0],"1":[0,0],"2":[0,0],"3":[0,0],"4":[0,0]},"inputSourceMap":{"version":3,"sources":["course.js"],"names":["student","require","lecturer","course","courseValiation","module","exports","list","req","res","next","findAll","then","status","send","error","console","log","getById","findByPk","params","id","message","add","create","name","body","content","genre","lecturerId","addcourse","studentId","include","model","as","re","courseId","update","destroy"],"mappings":";;AAAA;AACA;AACA;AAGA,IAAMA,OAAO,GAAGC,OAAO,CAAC,WAAD,CAAP,CAAqBD,OAArC;;AACA,IAAME,QAAQ,GAAGD,OAAO,CAAC,WAAD,CAAP,CAAqBC,QAAtC;;AACA,IAAMC,MAAM,GAAGF,OAAO,CAAC,WAAD,CAAP,CAAqBE,MAApC;;eAC4BF,OAAO,CAAC,8BAAD,C;IAA3BG,e,YAAAA,e;;AAERC,MAAM,CAACC,OAAP,GAAiB;AACbC,EAAAA,IADa,gBACRC,GADQ,EACHC,GADG,EACEC,IADF,EACQ;AACjB,WAAOP,MAAM,CACRQ,OADE,GAEFC,IAFE,CAEG,UAACT,MAAD;AAAA,aAAYM,GAAG,CAACI,MAAJ,CAAW,GAAX,EAAgBC,IAAhB,CAAqBX,MAArB,CAAZ;AAAA,KAFH,WAGI,UAACY,KAAD,EAAW;AACdC,MAAAA,OAAO,CAACC,GAAR,CAAYF,KAAZ;AACAN,MAAAA,GAAG,CAACI,MAAJ,CAAW,GAAX,EAAgBC,IAAhB,CAAqBC,KAArB;AACH,KANE,CAAP;AAOH,GATY;AAUbG,EAAAA,OAVa,mBAULV,GAVK,EAUAC,GAVA,EAUKC,IAVL,EAUW;AACpB,WAAOP,MAAM,CACRgB,QADE,CACOX,GAAG,CAACY,MAAJ,CAAWC,EADlB,EAEFT,IAFE,CAEG,UAACT,MAAD,EAAY;AACd,UAAI,CAACA,MAAL,EAAa;AACT,eAAOM,GAAG,CAACI,MAAJ,CAAW,GAAX,EAAgBC,IAAhB,CAAqB;AACxBQ,UAAAA,OAAO,EAAE;AADe,SAArB,CAAP;AAGH;;AACD,aAAOb,GAAG,CAACI,MAAJ,CAAW,GAAX,EAAgBC,IAAhB,CAAqBX,MAArB,CAAP;AACH,KATE,WAUI,UAACY,KAAD,EAAW;AACdC,MAAAA,OAAO,CAACC,GAAR,CAAYF,KAAZ;AACAN,MAAAA,GAAG,CAACI,MAAJ,CAAW,GAAX,EAAgBC,IAAhB,CAAqBC,KAArB;AACH,KAbE,CAAP;AAcH,GAzBY;AA0BbQ,EAAAA,GA1Ba,eA0BTf,GA1BS,EA0BJC,GA1BI,EA0BCC,IA1BD,EA0BO;AAChB,WAAOP,MAAM,CACRqB,MADE,CACK;AACJC,MAAAA,IAAI,EAAEjB,GAAG,CAACkB,IAAJ,CAASD,IADX;AAEJE,MAAAA,OAAO,EAAEnB,GAAG,CAACkB,IAAJ,CAASC,OAFd;AAGJC,MAAAA,KAAK,EAAEpB,GAAG,CAACkB,IAAJ,CAASE,KAHZ;AAIJC,MAAAA,UAAU,EAAErB,GAAG,CAACkB,IAAJ,CAASG,UAJjB,CAKJ;;AALI,KADL,EAUFjB,IAVE,CAUG,UAACT,MAAD;AAAA,aAAYM,GAAG,CAACI,MAAJ,CAAW,GAAX,EAAgBC,IAAhB,CAAqBX,MAArB,CAAZ;AAAA,KAVH,WAWI,UAACY,KAAD;AAAA,aAAWN,GAAG,CAACI,MAAJ,CAAW,GAAX,EAAgBC,IAAhB,CAAqBC,KAArB,CAAX;AAAA,KAXJ,CAAP;AAYH,GAvCY;AAwCbe,EAAAA,SAxCa,qBAwCHtB,GAxCG,EAwCEC,GAxCF,EAwCO;AAChB,WAAOT,OAAO,CACTmB,QADE,CACOX,GAAG,CAACkB,IAAJ,CAASK,SADhB,EAC2B;AAC1BC,MAAAA,OAAO,EAAE,CAAC;AACNC,QAAAA,KAAK,EAAE9B,MADD;AAEN+B,QAAAA,EAAE,EAAE;AAFE,OAAD;AADiB,KAD3B,EAOFtB,IAPE,CAOG,UAACZ,OAAD,EAAa;AACf,UAAI,CAACA,OAAL,EAAc;AACV,eAAOS,GAAG,CAACI,MAAJ,CAAW,GAAX,EAAgBC,IAAhB,CAAqB;AACxBQ,UAAAA,OAAO,EAAE;AADe,SAArB,CAAP;AAGH;;AACDnB,MAAAA,MAAM,CAACgB,QAAP,CAAgBgB,EAAE,CAACT,IAAH,CAAQU,QAAxB,EACKxB,IADL,CACU,UAACT,MAAD,EAAY;AACd,YAAI,CAACA,MAAL,EAAa;AACT,iBAAOM,GAAG,CAACI,MAAJ,CAAW,GAAX,EAAgBC,IAAhB,CAAqB;AACxBQ,YAAAA,OAAO,EAAE;AADe,WAArB,CAAP;AAGH;;AACDtB,QAAAA,OAAO,CAAC8B,SAAR,CAAkB3B,MAAlB;AACA,eAAOM,GAAG,CAACI,MAAJ,CAAW,GAAX,EAAgBC,IAAhB,CAAqBd,OAArB,CAAP;AACH,OATL;AAUH,KAvBE,WAwBI,UAACe,KAAD;AAAA,aAAWN,GAAG,CAACI,MAAJ,CAAW,GAAX,EAAgBC,IAAhB,CAAqBC,KAArB,CAAX;AAAA,KAxBJ,CAAP;AAyBH,GAlEY;AAmEbsB,EAAAA,MAnEa,kBAmEN7B,GAnEM,EAmEDC,GAnEC,EAmEI;AACb,WAAON,MAAM,CACRgB,QADE,CACOX,GAAG,CAACY,MAAJ,CAAWC,EADlB,EAEFT,IAFE,CAEG,UAAAT,MAAM,EAAI;AACZ,UAAI,CAACA,MAAL,EAAa;AACT,eAAOM,GAAG,CAACI,MAAJ,CAAW,GAAX,EAAgBC,IAAhB,CAAqB;AACxBQ,UAAAA,OAAO,EAAE;AADe,SAArB,CAAP;AAGH;;AACD,aAAOnB,MAAM,CACRkC,MADE,CACK;AACJZ,QAAAA,IAAI,EAAEjB,GAAG,CAACkB,IAAJ,CAASD,IADX;AAEJE,QAAAA,OAAO,EAAEnB,GAAG,CAACkB,IAAJ,CAASC,OAFd;AAGJC,QAAAA,KAAK,EAAEpB,GAAG,CAACkB,IAAJ,CAASE,KAHZ;AAIJC,QAAAA,UAAU,EAAErB,GAAG,CAACkB,IAAJ,CAASG;AAJjB,OADL,EAOFjB,IAPE,CAOG,UAACT,MAAD;AAAA,eAAYM,GAAG,CAACI,MAAJ,CAAW,GAAX,EAAgBC,IAAhB,CAAqBX,MAArB,CAAZ;AAAA,OAPH,WAQI,UAACY,KAAD;AAAA,eAAWN,GAAG,CAACI,MAAJ,CAAW,GAAX,EAAgBC,IAAhB,CAAqBC,KAArB,CAAX;AAAA,OARJ,CAAP;AASH,KAjBE,WAkBI,UAACA,KAAD;AAAA,aAAWN,GAAG,CAACI,MAAJ,CAAW,GAAX,EAAgBC,IAAhB,CAAqBC,KAArB,CAAX;AAAA,KAlBJ,CAAP;AAoBH,GAxFY;AAAA,6BAyFNP,GAzFM,EAyFDC,GAzFC,EAyFI;AACb,WAAON,MAAM,CACRgB,QADE,CACOX,GAAG,CAACY,MAAJ,CAAWC,EADlB,EAEFT,IAFE,CAEG,UAAAT,MAAM,EAAI;AACZ,UAAI,CAACA,MAAL,EAAa;AACT,eAAOM,GAAG,CAACI,MAAJ,CAAW,GAAX,EAAgBC,IAAhB,CAAqB;AACxBQ,UAAAA,OAAO,EAAE;AADe,SAArB,CAAP;AAGH;;AACD,aAAOnB,MAAM,CACRmC,OADE,GAEF1B,IAFE,CAEG;AAAA,eAAMH,GAAG,CAACI,MAAJ,CAAW,GAAX,EAAgBC,IAAhB,CAAqB;AAAEQ,UAAAA,OAAO,EAAE;AAAX,SAArB,CAAN;AAAA,OAFH,WAIA,UAACP,KAAD;AAAA,eAAWN,GAAG,CAACI,MAAJ,CAAW,GAAX,EAAgBC,IAAhB,CAAqBC,KAArB,CAAX;AAAA,OAJA,CAAP;AAKH,KAbE,WAcI,UAACA,KAAD;AAAA,aAAWN,GAAG,CAACI,MAAJ,CAAW,GAAX,EAAgBC,IAAhB,CAAqBC,KAArB,CAAX;AAAA,KAdJ,CAAP;AAeH;AAzGY,CAAjB","sourceRoot":"C:\\studentMgmt\\CoursesManager\\controllers\\","sourcesContent":["// import student from '../models/student';\r\n// import lecturer from '../models/lecturer';\r\n// import course from '../models/course';\r\n\r\n\r\nconst student = require('../models').student;\r\nconst lecturer = require('../models').lecturer;\r\nconst course = require('../models').course;\r\nconst { courseValiation } = require('../middleware/courseValidate');\r\n\r\nmodule.exports = {\r\n    list(req, res, next) {\r\n        return course\r\n            .findAll()\r\n            .then((course) => res.status(200).send(course))\r\n            .catch((error) => {\r\n                console.log(error);\r\n                res.status(404).send(error);\r\n            });\r\n    },\r\n    getById(req, res, next) {\r\n        return course\r\n            .findByPk(req.params.id)\r\n            .then((course) => {\r\n                if (!course) {\r\n                    return res.status(404).send({\r\n                        message: 'course Not Found',\r\n                    });\r\n                }\r\n                return res.status(200).send(course);\r\n            })\r\n            .catch((error) => {\r\n                console.log(error);\r\n                res.status(404).send(error);\r\n            });\r\n    },\r\n    add(req, res, next) {\r\n        return course\r\n            .create({\r\n                name: req.body.name,\r\n                content: req.body.content,\r\n                genre: req.body.genre,\r\n                lecturerId: req.body.lecturerId,\r\n                //const result = await courseValiation.validateAsync(req.body),\r\n\r\n\r\n            })\r\n            .then((course) => res.status(201).send(course))\r\n            .catch((error) => res.status(400).send(error));\r\n    },\r\n    addcourse(req, res) {\r\n        return student\r\n            .findByPk(req.body.studentId, {\r\n                include: [{\r\n                    model: course,\r\n                    as: 'course'\r\n                }],\r\n            })\r\n            .then((student) => {\r\n                if (!student) {\r\n                    return res.status(404).send({\r\n                        message: 'Student Not Found',\r\n                    });\r\n                }\r\n                course.findByPk(re.body.courseId)\r\n                    .then((course) => {\r\n                        if (!course) {\r\n                            return res.status(404).send({\r\n                                message: 'course Not Found',\r\n                            });\r\n                        }\r\n                        student.addcourse(course)\r\n                        return res.status(200).send(student);\r\n                    })\r\n            })\r\n            .catch((error) => res.status(400).send(error));\r\n    },\r\n    update(req, res) {\r\n        return course\r\n            .findByPk(req.params.id)\r\n            .then(course => {\r\n                if (!course) {\r\n                    return res.status(404).send({\r\n                        message: 'course Not Found',\r\n                    });\r\n                }\r\n                return course\r\n                    .update({\r\n                        name: req.body.name,\r\n                        content: req.body.content,\r\n                        genre: req.body.genre,\r\n                        lecturerId: req.body.lecturerId,\r\n                    })\r\n                    .then((course) => res.status(200).send(course))\r\n                    .catch((error) => res.status(400).send(error));\r\n            })\r\n            .catch((error) => res.status(400).send(error));\r\n\r\n    },\r\n    delete(req, res) {\r\n        return course\r\n            .findByPk(req.params.id)\r\n            .then(course => {\r\n                if (!course) {\r\n                    return res.status(404).send({\r\n                        message: 'course Not Found',\r\n                    });\r\n                }\r\n                return course\r\n                    .destroy()\r\n                    .then(() => res.status(204).send({ message: \"successifull Deleted the course\" }))\r\n\r\n                .catch((error) => res.status(400).send(error));\r\n            })\r\n            .catch((error) => res.status(400).send(error));\r\n    },\r\n};"]},"_coverageSchema":"1a1c01bbd47fc00a2c39e90264f33305004495a9","hash":"9859e76a8df21cfbf75468b69dfe46f989a9bf4a","contentHash":"3899811b4a8b8fae833f0c6504a5378d938dbdc0caac25ceb0f6780d6f218436"},"C:\\studentMgmt\\CoursesManager\\routes\\users.js":{"path":"C:\\studentMgmt\\CoursesManager\\routes\\users.js","statementMap":{"0":{"start":{"line":3,"column":14},"end":{"line":3,"column":32}},"1":{"start":{"line":5,"column":13},"end":{"line":5,"column":29}},"2":{"start":{"line":8,"column":0},"end":{"line":10,"column":3}},"3":{"start":{"line":9,"column":2},"end":{"line":9,"column":38}},"4":{"start":{"line":11,"column":0},"end":{"line":11,"column":24}}},"fnMap":{"0":{"name":"(anonymous_0)","decl":{"start":{"line":8,"column":16},"end":{"line":8,"column":17}},"loc":{"start":{"line":8,"column":42},"end":{"line":10,"column":1}},"line":8}},"branchMap":{},"s":{"0":1,"1":1,"2":1,"3":0,"4":1},"f":{"0":0},"b":{},"inputSourceMap":{"version":3,"sources":["users.js"],"names":["express","require","router","Router","get","req","res","next","send","module","exports"],"mappings":";;AAAA,IAAIA,OAAO,GAAGC,OAAO,CAAC,SAAD,CAArB;;AACA,IAAIC,MAAM,GAAGF,OAAO,CAACG,MAAR,EAAb;AAEA;;AACAD,MAAM,CAACE,GAAP,CAAW,GAAX,EAAgB,UAASC,GAAT,EAAcC,GAAd,EAAmBC,IAAnB,EAAyB;AACvCD,EAAAA,GAAG,CAACE,IAAJ,CAAS,yBAAT;AACD,CAFD;AAIAC,MAAM,CAACC,OAAP,GAAiBR,MAAjB","sourceRoot":"C:\\studentMgmt\\CoursesManager\\routes\\","sourcesContent":["var express = require('express');\r\nvar router = express.Router();\r\n\r\n/* GET users listing. */\r\nrouter.get('/', function(req, res, next) {\r\n  res.send('respond with a resource');\r\n});\r\n\r\nmodule.exports = router;\r\n"]},"_coverageSchema":"1a1c01bbd47fc00a2c39e90264f33305004495a9","hash":"eab9dacd2e0cda33db2ad9a7aca804b95a843de1","contentHash":"7774d852b2273035968b4826f5c50039d8b37a5a559318cf8b6469a63eaaafa3"}}